

Started GET "/profile/engin" for 127.0.0.1 at 2011-06-18 22:22:19 +0800
  Processing by ProfileController#show as HTML
  Parameters: {"screen_name"=>"engin"}
  [1m[36mUser Load (0.3ms)[0m  [1mSELECT "users".* FROM "users" WHERE "users"."screen_name" = 'engin' LIMIT 1[0m
  [1m[35mSpec Load (0.3ms)[0m  SELECT "specs".* FROM "specs" WHERE ("specs".user_id = 1) LIMIT 1
  [1m[36mFaq Load (0.3ms)[0m  [1mSELECT "faqs".* FROM "faqs" WHERE ("faqs".user_id = 1) LIMIT 1[0m
  [1m[35mBlog Load (0.2ms)[0m  SELECT "blogs".* FROM "blogs" WHERE ("blogs".user_id = 1) LIMIT 1
  [1m[36mPost Load (0.4ms)[0m  [1mSELECT "posts".* FROM "posts" WHERE ("posts".blog_id = 1) ORDER BY created_at DESC LIMIT 10 OFFSET 0[0m
Rendered faq/_sidebar_box.html.erb (10.3ms)
Rendered avatar/_sidebar_box.html.erb (11.7ms)
ERROR: compiling _app_views_profile__blog_html_erb__113559566_99453690_878207980 RAISED /media/WEB/rubyapp/railsspace/app/views/profile/_blog.html.erb:30: syntax error, unexpected keyword_ensure, expecting keyword_end
/media/WEB/rubyapp/railsspace/app/views/profile/_blog.html.erb:32: syntax error, unexpected $end, expecting keyword_end
Function body:           def _app_views_profile__blog_html_erb__113559566_99453690_878207980(local_assigns)
            _old_virtual_path, @_virtual_path = @_virtual_path, "profile/_blog";_old_output_buffer = @output_buffer;blog = local_assigns[:blog];;@output_buffer = ActionView::OutputBuffer.new;@output_buffer.safe_concat('<div class ="post">
');@output_buffer.append_if_string=    @posts.each do |post| 
@output_buffer.safe_concat('    <hr width="100%"</hr>
    <div class="post_title">
      <h4>');@output_buffer.append= ( post.title );@output_buffer.safe_concat('</h4>
    </div>
    <hr width="100%"></hr>
    <div class="post_body">
      ');@output_buffer.append= ( sanitize post.body, :tags => %w(table tr td), :attributes => %w(id class style) );@output_buffer.safe_concat('
');@output_buffer.safe_concat('    </div>
    <div class="post_creation_date">
      Posted ');@output_buffer.append= ( time_ago_in_words post.created_at );@output_buffer.safe_concat(' ago
');       if post.updated_at != post.created_at 
@output_buffer.safe_concat('      <br />Modified ');@output_buffer.append= ( time_ago_in_words post.updated_at );@output_buffer.safe_concat(' ago
    </div>
    <hr width="100%"></hr>
    <hr width="100%"></hr>
  <div id="comment_for_post"_');@output_buffer.append= ( post.id );@output_buffer.safe_concat('">
    ');@output_buffer.append= ( render :partial=>"comment/comment",:collection=>post.comments );@output_buffer.safe_concat('
');@output_buffer.safe_concat('  </div>
');   if logged_in? 
@output_buffer.safe_concat('    <div id="add_comment_link_for_post_');@output_buffer.append= ( post.id );@output_buffer.safe_concat('">
      ');@output_buffer.append= ( link_to "评论",:remote=>true ,:url=>new_blog_post_comment(params[:blog_id],params[:id]),method=>:get );@output_buffer.safe_concat('
');@output_buffer.safe_concat('    </div>
    <div id="new_comment_form_for_post_');@output_buffer.append= ( post.id );@output_buffer.safe_concat('" >
');     end 
   end 
@output_buffer.safe_concat('</div>
');@output_buffer.to_s
          ensure
            @_virtual_path, @output_buffer = _old_virtual_path, _old_output_buffer
          end
Backtrace: /usr/local/lib/ruby/gems/1.9.1/gems/actionpack-3.0.7/lib/action_view/template.rb:255:in `module_eval'
/usr/local/lib/ruby/gems/1.9.1/gems/actionpack-3.0.7/lib/action_view/template.rb:255:in `compile'
/usr/local/lib/ruby/gems/1.9.1/gems/actionpack-3.0.7/lib/action_view/template.rb:134:in `block in render'
/usr/local/lib/ruby/gems/1.9.1/gems/activesupport-3.0.7/lib/active_support/notifications.rb:54:in `instrument'
/usr/local/lib/ruby/gems/1.9.1/gems/actionpack-3.0.7/lib/action_view/template.rb:127:in `render'
/usr/local/lib/ruby/gems/1.9.1/gems/actionpack-3.0.7/lib/action_view/render/partials.rb:333:in `render_partial'
/usr/local/lib/ruby/gems/1.9.1/gems/actionpack-3.0.7/lib/action_view/render/partials.rb:262:in `block in render'
/usr/local/lib/ruby/gems/1.9.1/gems/activesupport-3.0.7/lib/active_support/notifications.rb:52:in `block in instrument'
/usr/local/lib/ruby/gems/1.9.1/gems/activesupport-3.0.7/lib/active_support/notifications/instrumenter.rb:21:in `instrument'
/usr/local/lib/ruby/gems/1.9.1/gems/activesupport-3.0.7/lib/active_support/notifications.rb:52:in `instrument'
/usr/local/lib/ruby/gems/1.9.1/gems/actionpack-3.0.7/lib/action_view/render/partials.rb:260:in `render'
/usr/local/lib/ruby/gems/1.9.1/gems/actionpack-3.0.7/lib/action_view/render/partials.rb:378:in `_render_partial'
/usr/local/lib/ruby/gems/1.9.1/gems/actionpack-3.0.7/lib/action_view/render/rendering.rb:22:in `render'
/media/WEB/rubyapp/railsspace/app/views/profile/show.html.erb:30:in `_app_views_profile_show_html_erb___995601624_95186280_505155244'
/usr/local/lib/ruby/gems/1.9.1/gems/actionpack-3.0.7/lib/action_view/template.rb:135:in `block in render'
/usr/local/lib/ruby/gems/1.9.1/gems/activesupport-3.0.7/lib/active_support/notifications.rb:54:in `instrument'
/usr/local/lib/ruby/gems/1.9.1/gems/actionpack-3.0.7/lib/action_view/template.rb:127:in `render'
/usr/local/lib/ruby/gems/1.9.1/gems/actionpack-3.0.7/lib/action_view/render/rendering.rb:59:in `block in _render_template'
/usr/local/lib/ruby/gems/1.9.1/gems/activesupport-3.0.7/lib/active_support/notifications.rb:52:in `block in instrument'
/usr/local/lib/ruby/gems/1.9.1/gems/activesupport-3.0.7/lib/active_support/notifications/instrumenter.rb:21:in `instrument'
/usr/local/lib/ruby/gems/1.9.1/gems/activesupport-3.0.7/lib/active_support/notifications.rb:52:in `instrument'
/usr/local/lib/ruby/gems/1.9.1/gems/actionpack-3.0.7/lib/action_view/render/rendering.rb:56:in `_render_template'
/usr/local/lib/ruby/gems/1.9.1/gems/actionpack-3.0.7/lib/action_view/render/rendering.rb:26:in `render'
/usr/local/lib/ruby/gems/1.9.1/gems/actionpack-3.0.7/lib/abstract_controller/rendering.rb:115:in `_render_template'
/usr/local/lib/ruby/gems/1.9.1/gems/actionpack-3.0.7/lib/abstract_controller/rendering.rb:109:in `render_to_body'
/usr/local/lib/ruby/gems/1.9.1/gems/actionpack-3.0.7/lib/action_controller/metal/renderers.rb:47:in `render_to_body'
/usr/local/lib/ruby/gems/1.9.1/gems/actionpack-3.0.7/lib/action_controller/metal/compatibility.rb:55:in `render_to_body'
/usr/local/lib/ruby/gems/1.9.1/gems/actionpack-3.0.7/lib/abstract_controller/rendering.rb:102:in `render_to_string'
/usr/local/lib/ruby/gems/1.9.1/gems/actionpack-3.0.7/lib/abstract_controller/rendering.rb:93:in `render'
/usr/local/lib/ruby/gems/1.9.1/gems/actionpack-3.0.7/lib/action_controller/metal/rendering.rb:17:in `render'
/usr/local/lib/ruby/gems/1.9.1/gems/actionpack-3.0.7/lib/action_controller/metal/instrumentation.rb:40:in `block (2 levels) in render'
/usr/local/lib/ruby/gems/1.9.1/gems/activesupport-3.0.7/lib/active_support/core_ext/benchmark.rb:5:in `block in ms'
/usr/local/lib/ruby/1.9.1/benchmark.rb:309:in `realtime'
/usr/local/lib/ruby/gems/1.9.1/gems/activesupport-3.0.7/lib/active_support/core_ext/benchmark.rb:5:in `ms'
/usr/local/lib/ruby/gems/1.9.1/gems/actionpack-3.0.7/lib/action_controller/metal/instrumentation.rb:40:in `block in render'
/usr/local/lib/ruby/gems/1.9.1/gems/actionpack-3.0.7/lib/action_controller/metal/instrumentation.rb:78:in `cleanup_view_runtime'
/usr/local/lib/ruby/gems/1.9.1/gems/activerecord-3.0.7/lib/active_record/railties/controller_runtime.rb:15:in `cleanup_view_runtime'
/usr/local/lib/ruby/gems/1.9.1/gems/actionpack-3.0.7/lib/action_controller/metal/instrumentation.rb:39:in `render'
/usr/local/lib/ruby/gems/1.9.1/gems/actionpack-3.0.7/lib/action_controller/metal/implicit_render.rb:14:in `default_render'
/usr/local/lib/ruby/gems/1.9.1/gems/actionpack-3.0.7/lib/action_controller/metal/implicit_render.rb:6:in `send_action'
/usr/local/lib/ruby/gems/1.9.1/gems/actionpack-3.0.7/lib/abstract_controller/base.rb:150:in `process_action'
/usr/local/lib/ruby/gems/1.9.1/gems/actionpack-3.0.7/lib/action_controller/metal/rendering.rb:11:in `process_action'
/usr/local/lib/ruby/gems/1.9.1/gems/actionpack-3.0.7/lib/abstract_controller/callbacks.rb:18:in `block in process_action'
/usr/local/lib/ruby/gems/1.9.1/gems/activesupport-3.0.7/lib/active_support/callbacks.rb:441:in `_run__870742079__process_action__541593740__callbacks'
/usr/local/lib/ruby/gems/1.9.1/gems/activesupport-3.0.7/lib/active_support/callbacks.rb:410:in `_run_process_action_callbacks'
/usr/local/lib/ruby/gems/1.9.1/gems/activesupport-3.0.7/lib/active_support/callbacks.rb:94:in `run_callbacks'
/usr/local/lib/ruby/gems/1.9.1/gems/actionpack-3.0.7/lib/abstract_controller/callbacks.rb:17:in `process_action'
/usr/local/lib/ruby/gems/1.9.1/gems/actionpack-3.0.7/lib/action_controller/metal/instrumentation.rb:30:in `block in process_action'
/usr/local/lib/ruby/gems/1.9.1/gems/activesupport-3.0.7/lib/active_support/notifications.rb:52:in `block in instrument'
/usr/local/lib/ruby/gems/1.9.1/gems/activesupport-3.0.7/lib/active_support/notifications/instrumenter.rb:21:in `instrument'
/usr/local/lib/ruby/gems/1.9.1/gems/activesupport-3.0.7/lib/active_support/notifications.rb:52:in `instrument'
/usr/local/lib/ruby/gems/1.9.1/gems/actionpack-3.0.7/lib/action_controller/metal/instrumentation.rb:29:in `process_action'
/usr/local/lib/ruby/gems/1.9.1/gems/actionpack-3.0.7/lib/action_controller/metal/rescue.rb:17:in `process_action'
/usr/local/lib/ruby/gems/1.9.1/gems/actionpack-3.0.7/lib/abstract_controller/base.rb:119:in `process'
/usr/local/lib/ruby/gems/1.9.1/gems/actionpack-3.0.7/lib/abstract_controller/rendering.rb:41:in `process'
/usr/local/lib/ruby/gems/1.9.1/gems/actionpack-3.0.7/lib/action_controller/metal.rb:138:in `dispatch'
/usr/local/lib/ruby/gems/1.9.1/gems/actionpack-3.0.7/lib/action_controller/metal/rack_delegation.rb:14:in `dispatch'
/usr/local/lib/ruby/gems/1.9.1/gems/actionpack-3.0.7/lib/action_controller/metal.rb:178:in `block in action'
/usr/local/lib/ruby/gems/1.9.1/gems/actionpack-3.0.7/lib/action_dispatch/routing/route_set.rb:62:in `call'
/usr/local/lib/ruby/gems/1.9.1/gems/actionpack-3.0.7/lib/action_dispatch/routing/route_set.rb:62:in `dispatch'
/usr/local/lib/ruby/gems/1.9.1/gems/actionpack-3.0.7/lib/action_dispatch/routing/route_set.rb:27:in `call'
/usr/local/lib/ruby/gems/1.9.1/gems/rack-mount-0.6.14/lib/rack/mount/route_set.rb:148:in `block in call'
/usr/local/lib/ruby/gems/1.9.1/gems/rack-mount-0.6.14/lib/rack/mount/code_generation.rb:93:in `block in recognize'
/usr/local/lib/ruby/gems/1.9.1/gems/rack-mount-0.6.14/lib/rack/mount/code_generation.rb:68:in `optimized_each'
/usr/local/lib/ruby/gems/1.9.1/gems/rack-mount-0.6.14/lib/rack/mount/code_generation.rb:92:in `recognize'
/usr/local/lib/ruby/gems/1.9.1/gems/rack-mount-0.6.14/lib/rack/mount/route_set.rb:139:in `call'
/usr/local/lib/ruby/gems/1.9.1/gems/actionpack-3.0.7/lib/action_dispatch/routing/route_set.rb:493:in `call'
/usr/local/lib/ruby/gems/1.9.1/gems/actionpack-3.0.7/lib/action_dispatch/middleware/best_standards_support.rb:17:in `call'
/usr/local/lib/ruby/gems/1.9.1/gems/actionpack-3.0.7/lib/action_dispatch/middleware/head.rb:14:in `call'
/usr/local/lib/ruby/gems/1.9.1/gems/rack-1.2.3/lib/rack/methodoverride.rb:24:in `call'
/usr/local/lib/ruby/gems/1.9.1/gems/actionpack-3.0.7/lib/action_dispatch/middleware/params_parser.rb:21:in `call'
/usr/local/lib/ruby/gems/1.9.1/gems/actionpack-3.0.7/lib/action_dispatch/middleware/flash.rb:182:in `call'
/usr/local/lib/ruby/gems/1.9.1/gems/actionpack-3.0.7/lib/action_dispatch/middleware/session/abstract_store.rb:149:in `call'
/usr/local/lib/ruby/gems/1.9.1/gems/actionpack-3.0.7/lib/action_dispatch/middleware/cookies.rb:302:in `call'
/usr/local/lib/ruby/gems/1.9.1/gems/activerecord-3.0.7/lib/active_record/query_cache.rb:32:in `block in call'
/usr/local/lib/ruby/gems/1.9.1/gems/activerecord-3.0.7/lib/active_record/connection_adapters/abstract/query_cache.rb:28:in `cache'
/usr/local/lib/ruby/gems/1.9.1/gems/activerecord-3.0.7/lib/active_record/query_cache.rb:12:in `cache'
/usr/local/lib/ruby/gems/1.9.1/gems/activerecord-3.0.7/lib/active_record/query_cache.rb:31:in `call'
/usr/local/lib/ruby/gems/1.9.1/gems/activerecord-3.0.7/lib/active_record/connection_adapters/abstract/connection_pool.rb:354:in `call'
/usr/local/lib/ruby/gems/1.9.1/gems/actionpack-3.0.7/lib/action_dispatch/middleware/callbacks.rb:46:in `block in call'
/usr/local/lib/ruby/gems/1.9.1/gems/activesupport-3.0.7/lib/active_support/callbacks.rb:416:in `_run_call_callbacks'
/usr/local/lib/ruby/gems/1.9.1/gems/actionpack-3.0.7/lib/action_dispatch/middleware/callbacks.rb:44:in `call'
/usr/local/lib/ruby/gems/1.9.1/gems/rack-1.2.3/lib/rack/sendfile.rb:107:in `call'
/usr/local/lib/ruby/gems/1.9.1/gems/actionpack-3.0.7/lib/action_dispatch/middleware/remote_ip.rb:48:in `call'
/usr/local/lib/ruby/gems/1.9.1/gems/actionpack-3.0.7/lib/action_dispatch/middleware/show_exceptions.rb:47:in `call'
/usr/local/lib/ruby/gems/1.9.1/gems/railties-3.0.7/lib/rails/rack/logger.rb:13:in `call'
/usr/local/lib/ruby/gems/1.9.1/gems/rack-1.2.3/lib/rack/runtime.rb:17:in `call'
/usr/local/lib/ruby/gems/1.9.1/gems/activesupport-3.0.7/lib/active_support/cache/strategy/local_cache.rb:72:in `call'
/usr/local/lib/ruby/gems/1.9.1/gems/rack-1.2.3/lib/rack/lock.rb:11:in `block in call'
<internal:prelude>:10:in `synchronize'
/usr/local/lib/ruby/gems/1.9.1/gems/rack-1.2.3/lib/rack/lock.rb:11:in `call'
/usr/local/lib/ruby/gems/1.9.1/gems/actionpack-3.0.7/lib/action_dispatch/middleware/static.rb:30:in `call'
/usr/local/lib/ruby/gems/1.9.1/gems/railties-3.0.7/lib/rails/application.rb:168:in `call'
/usr/local/lib/ruby/gems/1.9.1/gems/railties-3.0.7/lib/rails/application.rb:77:in `method_missing'
/usr/local/lib/ruby/gems/1.9.1/gems/rack-1.2.3/lib/rack/content_length.rb:13:in `call'
/usr/local/lib/ruby/gems/1.9.1/gems/rack-1.2.3/lib/rack/chunked.rb:15:in `call'
/usr/local/lib/ruby/gems/1.9.1/gems/rack-1.2.3/lib/rack/handler/mongrel.rb:67:in `process'
/usr/local/lib/ruby/gems/1.9.1/gems/mongrel-1.2.0.pre2/lib/mongrel.rb:165:in `block in process_client'
/usr/local/lib/ruby/gems/1.9.1/gems/mongrel-1.2.0.pre2/lib/mongrel.rb:164:in `each'
/usr/local/lib/ruby/gems/1.9.1/gems/mongrel-1.2.0.pre2/lib/mongrel.rb:164:in `process_client'
/usr/local/lib/ruby/gems/1.9.1/gems/mongrel-1.2.0.pre2/lib/mongrel.rb:291:in `block (2 levels) in run'
Rendered profile/_blog.html.erb (1.3ms)
Rendered profile/show.html.erb within layouts/application (76.6ms)
Completed   in 216ms

ActionView::Template::Error (/media/WEB/rubyapp/railsspace/app/views/profile/_blog.html.erb:30: syntax error, unexpected keyword_ensure, expecting keyword_end
/media/WEB/rubyapp/railsspace/app/views/profile/_blog.html.erb:32: syntax error, unexpected $end, expecting keyword_end):
    27:   <% end %>
    28: </div>
  app/views/profile/show.html.erb:30:in `_app_views_profile_show_html_erb___995601624_95186280_505155244'

Rendered /usr/local/lib/ruby/gems/1.9.1/gems/actionpack-3.0.7/lib/action_dispatch/middleware/templates/rescues/_trace.erb (1.7ms)
Rendered /usr/local/lib/ruby/gems/1.9.1/gems/actionpack-3.0.7/lib/action_dispatch/middleware/templates/rescues/_request_and_response.erb (12.4ms)
Rendered /usr/local/lib/ruby/gems/1.9.1/gems/actionpack-3.0.7/lib/action_dispatch/middleware/templates/rescues/template_error.erb within rescues/layout (18.7ms)


Started GET "/profile/engin" for 127.0.0.1 at 2011-06-18 22:23:23 +0800
  Processing by ProfileController#show as HTML
  Parameters: {"screen_name"=>"engin"}
  [1m[35mUser Load (0.2ms)[0m  SELECT "users".* FROM "users" WHERE "users"."screen_name" = 'engin' LIMIT 1
  [1m[36mSpec Load (0.3ms)[0m  [1mSELECT "specs".* FROM "specs" WHERE ("specs".user_id = 1) LIMIT 1[0m
  [1m[35mFaq Load (0.3ms)[0m  SELECT "faqs".* FROM "faqs" WHERE ("faqs".user_id = 1) LIMIT 1
  [1m[36mBlog Load (0.2ms)[0m  [1mSELECT "blogs".* FROM "blogs" WHERE ("blogs".user_id = 1) LIMIT 1[0m
  [1m[35mPost Load (0.4ms)[0m  SELECT "posts".* FROM "posts" WHERE ("posts".blog_id = 1) ORDER BY created_at DESC LIMIT 10 OFFSET 0
Rendered faq/_sidebar_box.html.erb (10.4ms)
Rendered avatar/_sidebar_box.html.erb (11.7ms)
  [1m[36mComment Load (0.3ms)[0m  [1mSELECT "comments".* FROM "comments" WHERE ("comments".post_id = 8) ORDER BY create_at[0m
SQLite3::SQLException: no such column: create_at: SELECT "comments".* FROM "comments" WHERE ("comments".post_id = 8) ORDER BY create_at
Rendered profile/_blog.html.erb (65.7ms)
Rendered profile/show.html.erb within layouts/application (102.9ms)
Completed   in 242ms

ActionView::Template::Error (SQLite3::SQLException: no such column: create_at: SELECT "comments".* FROM "comments" WHERE ("comments".post_id = 8) ORDER BY create_at):
    17:     <hr width="100%"></hr>
    18:     <hr width="100%"></hr>
    19:   <div id="comment_for_post"_<%= post.id %>">
    20:     <%= render :partial=>"comment/comment",:collection=>post.comments %>
    21:   </div>
    22:   <% if logged_in? %>
    23:     <div id="add_comment_link_for_post_<%= post.id %>">
  app/views/profile/_blog.html.erb:20:in `block in _app_views_profile__blog_html_erb__113559566_94672360_878207980'
  app/views/profile/_blog.html.erb:2:in `each'
  app/views/profile/_blog.html.erb:2:in `_app_views_profile__blog_html_erb__113559566_94672360_878207980'
  app/views/profile/show.html.erb:30:in `_app_views_profile_show_html_erb___995601624_96122370_505155244'

Rendered /usr/local/lib/ruby/gems/1.9.1/gems/actionpack-3.0.7/lib/action_dispatch/middleware/templates/rescues/_trace.erb (2.5ms)
Rendered /usr/local/lib/ruby/gems/1.9.1/gems/actionpack-3.0.7/lib/action_dispatch/middleware/templates/rescues/_request_and_response.erb (5.1ms)
Rendered /usr/local/lib/ruby/gems/1.9.1/gems/actionpack-3.0.7/lib/action_dispatch/middleware/templates/rescues/template_error.erb within rescues/layout (12.5ms)


Started GET "/profile/engin" for 127.0.0.1 at 2011-06-18 22:27:17 +0800
  Processing by ProfileController#show as HTML
  Parameters: {"screen_name"=>"engin"}
  [1m[35mUser Load (0.2ms)[0m  SELECT "users".* FROM "users" WHERE "users"."screen_name" = 'engin' LIMIT 1
  [1m[36mSpec Load (0.3ms)[0m  [1mSELECT "specs".* FROM "specs" WHERE ("specs".user_id = 1) LIMIT 1[0m
  [1m[35mFaq Load (0.3ms)[0m  SELECT "faqs".* FROM "faqs" WHERE ("faqs".user_id = 1) LIMIT 1
  [1m[36mBlog Load (0.2ms)[0m  [1mSELECT "blogs".* FROM "blogs" WHERE ("blogs".user_id = 1) LIMIT 1[0m
  [1m[35mPost Load (0.4ms)[0m  SELECT "posts".* FROM "posts" WHERE ("posts".blog_id = 1) ORDER BY created_at DESC LIMIT 10 OFFSET 0
Rendered faq/_sidebar_box.html.erb (10.4ms)
Rendered avatar/_sidebar_box.html.erb (12.0ms)
  [1m[36mComment Load (0.5ms)[0m  [1mSELECT "comments".* FROM "comments" WHERE ("comments".post_id = 8) ORDER BY created_at[0m
Rendered profile/_blog.html.erb (70.0ms)
Rendered profile/show.html.erb within layouts/application (108.8ms)
Completed   in 248ms

ActionView::Template::Error (Missing partial comment/comment with {:handlers=>[:erb, :rjs, :builder, :rhtml, :rxml], :formats=>[:html], :locale=>[:en, :en]} in view paths "/media/WEB/rubyapp/railsspace/app/views", "/media/WEB/rubyapp/railsspace/vendor/plugins/dynamic_form/app/views"):
    17:     <hr width="100%"></hr>
    18:     <hr width="100%"></hr>
    19:   <div id="comment_for_post"_<%= post.id %>">
    20:     <%= render :partial=>"comment/comment",:collection=>post.comments %>
    21:   </div>
    22:   <% if logged_in? %>
    23:     <div id="add_comment_link_for_post_<%= post.id %>">
  app/views/profile/_blog.html.erb:20:in `block in _app_views_profile__blog_html_erb__113559566_94626630_878207980'
  app/views/profile/_blog.html.erb:2:in `each'
  app/views/profile/_blog.html.erb:2:in `_app_views_profile__blog_html_erb__113559566_94626630_878207980'
  app/views/profile/show.html.erb:30:in `_app_views_profile_show_html_erb___995601624_96111940_505155244'

Rendered /usr/local/lib/ruby/gems/1.9.1/gems/actionpack-3.0.7/lib/action_dispatch/middleware/templates/rescues/_trace.erb (1.5ms)
Rendered /usr/local/lib/ruby/gems/1.9.1/gems/actionpack-3.0.7/lib/action_dispatch/middleware/templates/rescues/_request_and_response.erb (5.3ms)
Rendered /usr/local/lib/ruby/gems/1.9.1/gems/actionpack-3.0.7/lib/action_dispatch/middleware/templates/rescues/template_error.erb within rescues/layout (11.4ms)


Started GET "/profile/engin" for 127.0.0.1 at 2011-06-18 22:28:35 +0800
  Processing by ProfileController#show as HTML
  Parameters: {"screen_name"=>"engin"}
  [1m[35mUser Load (0.2ms)[0m  SELECT "users".* FROM "users" WHERE "users"."screen_name" = 'engin' LIMIT 1
  [1m[36mSpec Load (0.3ms)[0m  [1mSELECT "specs".* FROM "specs" WHERE ("specs".user_id = 1) LIMIT 1[0m
  [1m[35mFaq Load (0.3ms)[0m  SELECT "faqs".* FROM "faqs" WHERE ("faqs".user_id = 1) LIMIT 1
  [1m[36mBlog Load (0.2ms)[0m  [1mSELECT "blogs".* FROM "blogs" WHERE ("blogs".user_id = 1) LIMIT 1[0m
  [1m[35mPost Load (0.3ms)[0m  SELECT "posts".* FROM "posts" WHERE ("posts".blog_id = 1) ORDER BY created_at DESC LIMIT 10 OFFSET 0
Rendered faq/_sidebar_box.html.erb (10.4ms)
Rendered avatar/_sidebar_box.html.erb (12.0ms)
  [1m[36mComment Load (0.2ms)[0m  [1mSELECT "comments".* FROM "comments" WHERE ("comments".post_id = 8) ORDER BY created_at[0m
Rendered comments/_comment.html.erb (0.0ms)
Rendered profile/_blog.html.erb (86.6ms)
Rendered profile/show.html.erb within layouts/application (124.4ms)
Completed   in 263ms

ActionView::Template::Error (undefined method `new_blog_post_comment' for #<#<Class:0xb7500c0>:0xb745fa8>):
    21:   </div>
    22:   <% if logged_in? %>
    23:     <div id="add_comment_link_for_post_<%= post.id %>">
    24:       <%= link_to "评论",:remote=>true ,:url=>new_blog_post_comment(params[:blog_id],params[:id]),method=>:get %>
    25:     </div>
    26:     <div id="new_comment_form_for_post_<%= post.id %>" >
    27:     </div>
  app/views/profile/_blog.html.erb:24:in `block in _app_views_profile__blog_html_erb__113559566_94612430_878207980'
  app/views/profile/_blog.html.erb:2:in `each'
  app/views/profile/_blog.html.erb:2:in `_app_views_profile__blog_html_erb__113559566_94612430_878207980'
  app/views/profile/show.html.erb:30:in `_app_views_profile_show_html_erb___995601624_96086430_505155244'

Rendered /usr/local/lib/ruby/gems/1.9.1/gems/actionpack-3.0.7/lib/action_dispatch/middleware/templates/rescues/_trace.erb (1.5ms)
Rendered /usr/local/lib/ruby/gems/1.9.1/gems/actionpack-3.0.7/lib/action_dispatch/middleware/templates/rescues/_request_and_response.erb (4.5ms)
Rendered /usr/local/lib/ruby/gems/1.9.1/gems/actionpack-3.0.7/lib/action_dispatch/middleware/templates/rescues/template_error.erb within rescues/layout (10.3ms)


Started GET "/profile/engin" for 127.0.0.1 at 2011-06-18 22:31:33 +0800
  Processing by ProfileController#show as HTML
  Parameters: {"screen_name"=>"engin"}
  [1m[35mUser Load (0.2ms)[0m  SELECT "users".* FROM "users" WHERE "users"."screen_name" = 'engin' LIMIT 1
  [1m[36mSpec Load (0.3ms)[0m  [1mSELECT "specs".* FROM "specs" WHERE ("specs".user_id = 1) LIMIT 1[0m
  [1m[35mFaq Load (0.3ms)[0m  SELECT "faqs".* FROM "faqs" WHERE ("faqs".user_id = 1) LIMIT 1
  [1m[36mBlog Load (0.2ms)[0m  [1mSELECT "blogs".* FROM "blogs" WHERE ("blogs".user_id = 1) LIMIT 1[0m
  [1m[35mPost Load (0.3ms)[0m  SELECT "posts".* FROM "posts" WHERE ("posts".blog_id = 1) ORDER BY created_at DESC LIMIT 10 OFFSET 0
Rendered faq/_sidebar_box.html.erb (10.4ms)
Rendered avatar/_sidebar_box.html.erb (11.9ms)
  [1m[36mComment Load (0.3ms)[0m  [1mSELECT "comments".* FROM "comments" WHERE ("comments".post_id = 8) ORDER BY created_at[0m
Rendered comments/_comment.html.erb (0.0ms)
Rendered profile/_blog.html.erb (67.6ms)
Rendered profile/show.html.erb within layouts/application (105.8ms)
Completed   in 242ms

ActionView::Template::Error (No route matches {:action=>"new", :controller=>"comments"}):
    21:   </div>
    22:   <% if logged_in? %>
    23:     <div id="add_comment_link_for_post_<%= post.id %>">
    24:       <%= link_to "评论",:remote=>true ,:url=>new_blog_post_comment_path(params[:blog_id],params[:id]),method=>:get %>
    25:     </div>
    26:     <div id="new_comment_form_for_post_<%= post.id %>" >
    27:     </div>
  app/views/profile/_blog.html.erb:24:in `block in _app_views_profile__blog_html_erb__113559566_93037830_878207980'
  app/views/profile/_blog.html.erb:2:in `each'
  app/views/profile/_blog.html.erb:2:in `_app_views_profile__blog_html_erb__113559566_93037830_878207980'
  app/views/profile/show.html.erb:30:in `_app_views_profile_show_html_erb___995601624_95335060_505155244'

Rendered /usr/local/lib/ruby/gems/1.9.1/gems/actionpack-3.0.7/lib/action_dispatch/middleware/templates/rescues/_trace.erb (1.6ms)
Rendered /usr/local/lib/ruby/gems/1.9.1/gems/actionpack-3.0.7/lib/action_dispatch/middleware/templates/rescues/_request_and_response.erb (5.3ms)
Rendered /usr/local/lib/ruby/gems/1.9.1/gems/actionpack-3.0.7/lib/action_dispatch/middleware/templates/rescues/template_error.erb within rescues/layout (12.2ms)


Started GET "/profile/engin" for 127.0.0.1 at 2011-06-18 22:37:22 +0800
  Processing by ProfileController#show as HTML
  Parameters: {"screen_name"=>"engin"}
  [1m[35mUser Load (0.2ms)[0m  SELECT "users".* FROM "users" WHERE "users"."screen_name" = 'engin' LIMIT 1
  [1m[36mSpec Load (0.3ms)[0m  [1mSELECT "specs".* FROM "specs" WHERE ("specs".user_id = 1) LIMIT 1[0m
  [1m[35mFaq Load (0.3ms)[0m  SELECT "faqs".* FROM "faqs" WHERE ("faqs".user_id = 1) LIMIT 1
  [1m[36mBlog Load (0.2ms)[0m  [1mSELECT "blogs".* FROM "blogs" WHERE ("blogs".user_id = 1) LIMIT 1[0m
  [1m[35mPost Load (0.3ms)[0m  SELECT "posts".* FROM "posts" WHERE ("posts".blog_id = 1) ORDER BY created_at DESC LIMIT 10 OFFSET 0
Rendered faq/_sidebar_box.html.erb (10.3ms)
Rendered avatar/_sidebar_box.html.erb (11.7ms)
  [1m[36mComment Load (0.2ms)[0m  [1mSELECT "comments".* FROM "comments" WHERE ("comments".post_id = 8) ORDER BY created_at[0m
Rendered comments/_comment.html.erb (0.0ms)
Rendered profile/_blog.html.erb (30.1ms)
Rendered profile/show.html.erb within layouts/application (106.1ms)
Completed   in 243ms

ActionView::Template::Error (No route matches {:action=>"new", :controller=>"comments"}):
    21:   </div>
    22:   <% if logged_in? %>
    23:     <div id="add_comment_link_for_post_<%= post.id %>">
    24:       <%= link_to "评论",:remote=>true ,:url=>new_blog_post_comment_path(params[:blog_id],params[:id]),method=>:get %>
    25:     </div>
    26:     <div id="new_comment_form_for_post_<%= post.id %>" >
    27:     </div>
  app/views/profile/_blog.html.erb:24:in `block in _app_views_profile__blog_html_erb__113559566_97458020_878207980'
  app/views/profile/_blog.html.erb:2:in `each'
  app/views/profile/_blog.html.erb:2:in `_app_views_profile__blog_html_erb__113559566_97458020_878207980'
  app/views/profile/show.html.erb:30:in `_app_views_profile_show_html_erb___995601624_95189020_505155244'

Rendered /usr/local/lib/ruby/gems/1.9.1/gems/actionpack-3.0.7/lib/action_dispatch/middleware/templates/rescues/_trace.erb (1.7ms)
Rendered /usr/local/lib/ruby/gems/1.9.1/gems/actionpack-3.0.7/lib/action_dispatch/middleware/templates/rescues/_request_and_response.erb (5.4ms)
Rendered /usr/local/lib/ruby/gems/1.9.1/gems/actionpack-3.0.7/lib/action_dispatch/middleware/templates/rescues/template_error.erb within rescues/layout (11.9ms)


Started GET "/profile/engin" for 127.0.0.1 at 2011-06-18 22:37:24 +0800
  Processing by ProfileController#show as HTML
  Parameters: {"screen_name"=>"engin"}
  [1m[35mUser Load (0.3ms)[0m  SELECT "users".* FROM "users" WHERE "users"."screen_name" = 'engin' LIMIT 1
  [1m[36mSpec Load (0.3ms)[0m  [1mSELECT "specs".* FROM "specs" WHERE ("specs".user_id = 1) LIMIT 1[0m
  [1m[35mFaq Load (0.3ms)[0m  SELECT "faqs".* FROM "faqs" WHERE ("faqs".user_id = 1) LIMIT 1
  [1m[36mBlog Load (0.2ms)[0m  [1mSELECT "blogs".* FROM "blogs" WHERE ("blogs".user_id = 1) LIMIT 1[0m
  [1m[35mPost Load (0.4ms)[0m  SELECT "posts".* FROM "posts" WHERE ("posts".blog_id = 1) ORDER BY created_at DESC LIMIT 10 OFFSET 0
Rendered faq/_sidebar_box.html.erb (10.7ms)
Rendered avatar/_sidebar_box.html.erb (11.9ms)
  [1m[36mComment Load (0.2ms)[0m  [1mSELECT "comments".* FROM "comments" WHERE ("comments".post_id = 8) ORDER BY created_at[0m
Rendered comments/_comment.html.erb (0.0ms)
Rendered profile/_blog.html.erb (28.6ms)
Rendered profile/show.html.erb within layouts/application (105.1ms)
Completed   in 242ms

ActionView::Template::Error (No route matches {:action=>"new", :controller=>"comments"}):
    21:   </div>
    22:   <% if logged_in? %>
    23:     <div id="add_comment_link_for_post_<%= post.id %>">
    24:       <%= link_to "评论",:remote=>true ,:url=>new_blog_post_comment_path(params[:blog_id],params[:id]),method=>:get %>
    25:     </div>
    26:     <div id="new_comment_form_for_post_<%= post.id %>" >
    27:     </div>
  app/views/profile/_blog.html.erb:24:in `block in _app_views_profile__blog_html_erb__113559566_99452510_878207980'
  app/views/profile/_blog.html.erb:2:in `each'
  app/views/profile/_blog.html.erb:2:in `_app_views_profile__blog_html_erb__113559566_99452510_878207980'
  app/views/profile/show.html.erb:30:in `_app_views_profile_show_html_erb___995601624_95178800_505155244'

Rendered /usr/local/lib/ruby/gems/1.9.1/gems/actionpack-3.0.7/lib/action_dispatch/middleware/templates/rescues/_trace.erb (1.5ms)
Rendered /usr/local/lib/ruby/gems/1.9.1/gems/actionpack-3.0.7/lib/action_dispatch/middleware/templates/rescues/_request_and_response.erb (5.2ms)
Rendered /usr/local/lib/ruby/gems/1.9.1/gems/actionpack-3.0.7/lib/action_dispatch/middleware/templates/rescues/template_error.erb within rescues/layout (11.0ms)


Started GET "/blogs/1/posts" for 127.0.0.1 at 2011-06-18 22:41:12 +0800
  Processing by PostsController#index as HTML
  Parameters: {"blog_id"=>"1"}
  [1m[35mBlog Load (0.2ms)[0m  SELECT "blogs".* FROM "blogs" WHERE "blogs"."id" = 1 LIMIT 1
  [1m[36mUser Load (0.3ms)[0m  [1mSELECT "users".* FROM "users" WHERE "users"."id" = 1 LIMIT 1[0m
  [1m[35mCACHE (0.0ms)[0m  SELECT "users".* FROM "users" WHERE "users"."id" = 1 LIMIT 1
  [1m[36mPost Load (0.3ms)[0m  [1mSELECT "posts".* FROM "posts" WHERE "posts"."blog_id" = 1[0m
  [1m[35mCACHE (0.0ms)[0m  SELECT "blogs".* FROM "blogs" WHERE "blogs"."id" = 1 LIMIT 1
  [1m[36mCACHE (0.0ms)[0m  [1mSELECT "blogs".* FROM "blogs" WHERE "blogs"."id" = 1 LIMIT 1[0m
Rendered posts/index.html.erb within layouts/application (21.6ms)
Completed 200 OK in 138ms (Views: 26.2ms | ActiveRecord: 0.8ms)


Started GET "/user/index" for 127.0.0.1 at 2011-06-18 22:41:16 +0800
  Processing by UserController#index as HTML
  [1m[35mUser Load (0.3ms)[0m  SELECT "users".* FROM "users" WHERE "users"."id" = 1 LIMIT 1
  [1m[36mSpec Load (0.3ms)[0m  [1mSELECT "specs".* FROM "specs" WHERE ("specs".user_id = 1) LIMIT 1[0m
  [1m[35mFaq Load (0.3ms)[0m  SELECT "faqs".* FROM "faqs" WHERE ("faqs".user_id = 1) LIMIT 1
  [1m[36mBlog Load (0.2ms)[0m  [1mSELECT "blogs".* FROM "blogs" WHERE ("blogs".user_id = 1) LIMIT 1[0m
  [1m[35mPost Load (0.4ms)[0m  SELECT "posts".* FROM "posts" WHERE ("posts".blog_id = 1) ORDER BY created_at DESC LIMIT 10 OFFSET 0
Rendered spec/_field_row.html.erb (61.4ms)
Rendered faq/_sidebar_box.html.erb (12.4ms)
Rendered avatar/_sidebar_box.html.erb (13.2ms)
Rendered user/index.html.erb within layouts/application (101.7ms)
Completed 200 OK in 240ms (Views: 106.6ms | ActiveRecord: 1.4ms)


Started GET "/blogs/1/posts" for 127.0.0.1 at 2011-06-18 22:41:18 +0800
  Processing by PostsController#index as HTML
  Parameters: {"blog_id"=>"1"}
  [1m[36mBlog Load (0.5ms)[0m  [1mSELECT "blogs".* FROM "blogs" WHERE "blogs"."id" = 1 LIMIT 1[0m
  [1m[35mUser Load (0.3ms)[0m  SELECT "users".* FROM "users" WHERE "users"."id" = 1 LIMIT 1
  [1m[36mCACHE (0.0ms)[0m  [1mSELECT "users".* FROM "users" WHERE "users"."id" = 1 LIMIT 1[0m
  [1m[35mPost Load (0.3ms)[0m  SELECT "posts".* FROM "posts" WHERE "posts"."blog_id" = 1
  [1m[36mCACHE (0.0ms)[0m  [1mSELECT "blogs".* FROM "blogs" WHERE "blogs"."id" = 1 LIMIT 1[0m
  [1m[35mCACHE (0.0ms)[0m  SELECT "blogs".* FROM "blogs" WHERE "blogs"."id" = 1 LIMIT 1
Rendered posts/index.html.erb within layouts/application (22.0ms)
Completed 200 OK in 140ms (Views: 27.0ms | ActiveRecord: 1.1ms)


Started GET "/profile/engin" for 127.0.0.1 at 2011-06-18 22:41:26 +0800
  Processing by ProfileController#show as HTML
  Parameters: {"screen_name"=>"engin"}
  [1m[36mUser Load (2.9ms)[0m  [1mSELECT "users".* FROM "users" WHERE "users"."screen_name" = 'engin' LIMIT 1[0m
  [1m[35mSpec Load (0.3ms)[0m  SELECT "specs".* FROM "specs" WHERE ("specs".user_id = 1) LIMIT 1
  [1m[36mFaq Load (0.3ms)[0m  [1mSELECT "faqs".* FROM "faqs" WHERE ("faqs".user_id = 1) LIMIT 1[0m
  [1m[35mBlog Load (0.2ms)[0m  SELECT "blogs".* FROM "blogs" WHERE ("blogs".user_id = 1) LIMIT 1
  [1m[36mPost Load (0.3ms)[0m  [1mSELECT "posts".* FROM "posts" WHERE ("posts".blog_id = 1) ORDER BY created_at DESC LIMIT 10 OFFSET 0[0m
Rendered faq/_sidebar_box.html.erb (10.6ms)
Rendered avatar/_sidebar_box.html.erb (12.0ms)
  [1m[35mComment Load (0.2ms)[0m  SELECT "comments".* FROM "comments" WHERE ("comments".post_id = 8) ORDER BY created_at
Rendered comments/_comment.html.erb (0.0ms)
Rendered profile/_blog.html.erb (28.9ms)
Rendered profile/show.html.erb within layouts/application (109.4ms)
Completed   in 246ms

ActionView::Template::Error (No route matches {:action=>"new", :controller=>"comments"}):
    21:   </div>
    22:   <% if logged_in? %>
    23:     <div id="add_comment_link_for_post_<%= post.id %>">
    24:       <%= link_to "评论",:remote=>true ,:url=>new_blog_post_comment_path(params[:blog_id],params[:id]),method=>:get %>
    25:     </div>
    26:     <div id="new_comment_form_for_post_<%= post.id %>" >
    27:     </div>
  app/views/profile/_blog.html.erb:24:in `block in _app_views_profile__blog_html_erb__113559566_98599100_878207980'
  app/views/profile/_blog.html.erb:2:in `each'
  app/views/profile/_blog.html.erb:2:in `_app_views_profile__blog_html_erb__113559566_98599100_878207980'
  app/views/profile/show.html.erb:30:in `_app_views_profile_show_html_erb___995601624_94842030_505155244'

Rendered /usr/local/lib/ruby/gems/1.9.1/gems/actionpack-3.0.7/lib/action_dispatch/middleware/templates/rescues/_trace.erb (1.5ms)
Rendered /usr/local/lib/ruby/gems/1.9.1/gems/actionpack-3.0.7/lib/action_dispatch/middleware/templates/rescues/_request_and_response.erb (5.2ms)
Rendered /usr/local/lib/ruby/gems/1.9.1/gems/actionpack-3.0.7/lib/action_dispatch/middleware/templates/rescues/template_error.erb within rescues/layout (11.2ms)


Started GET "/profile/engin" for 127.0.0.1 at 2011-06-18 22:43:59 +0800
  Processing by ProfileController#show as HTML
  Parameters: {"screen_name"=>"engin"}
  [1m[36mUser Load (0.3ms)[0m  [1mSELECT "users".* FROM "users" WHERE "users"."screen_name" = 'engin' LIMIT 1[0m
  [1m[35mSpec Load (0.3ms)[0m  SELECT "specs".* FROM "specs" WHERE ("specs".user_id = 1) LIMIT 1
  [1m[36mFaq Load (0.2ms)[0m  [1mSELECT "faqs".* FROM "faqs" WHERE ("faqs".user_id = 1) LIMIT 1[0m
  [1m[35mBlog Load (0.2ms)[0m  SELECT "blogs".* FROM "blogs" WHERE ("blogs".user_id = 1) LIMIT 1
  [1m[36mPost Load (0.3ms)[0m  [1mSELECT "posts".* FROM "posts" WHERE ("posts".blog_id = 1) ORDER BY created_at DESC LIMIT 10 OFFSET 0[0m
Rendered faq/_sidebar_box.html.erb (10.4ms)
Rendered avatar/_sidebar_box.html.erb (11.8ms)
  [1m[35mComment Load (0.3ms)[0m  SELECT "comments".* FROM "comments" WHERE ("comments".post_id = 8) ORDER BY created_at
Rendered comments/_comment.html.erb (0.0ms)
Rendered profile/_blog.html.erb (28.8ms)
Rendered profile/show.html.erb within layouts/application (107.6ms)
Completed   in 244ms

ActionView::Template::Error (No route matches {:action=>"new", :controller=>"comments"}):
    21:   </div>
    22:   <% if logged_in? %>
    23:     <div id="add_comment_link_for_post_<%= post.id %>">
    24:       <%= link_to "评论",:remote=>true ,:url=>new_blog_post_comment_path(params[:blog_id],params[:id]),method=>:get %>
    25:     </div>
    26:     <div id="new_comment_form_for_post_<%= post.id %>" >
    27:     </div>
  app/views/profile/_blog.html.erb:24:in `block in _app_views_profile__blog_html_erb__113559566_98312410_878207980'
  app/views/profile/_blog.html.erb:2:in `each'
  app/views/profile/_blog.html.erb:2:in `_app_views_profile__blog_html_erb__113559566_98312410_878207980'
  app/views/profile/show.html.erb:30:in `_app_views_profile_show_html_erb___995601624_95079240_505155244'

Rendered /usr/local/lib/ruby/gems/1.9.1/gems/actionpack-3.0.7/lib/action_dispatch/middleware/templates/rescues/_trace.erb (1.5ms)
Rendered /usr/local/lib/ruby/gems/1.9.1/gems/actionpack-3.0.7/lib/action_dispatch/middleware/templates/rescues/_request_and_response.erb (5.2ms)
Rendered /usr/local/lib/ruby/gems/1.9.1/gems/actionpack-3.0.7/lib/action_dispatch/middleware/templates/rescues/template_error.erb within rescues/layout (11.2ms)


Started GET "/profile/engin" for 127.0.0.1 at 2011-06-18 22:45:37 +0800
  Processing by ProfileController#show as HTML
  Parameters: {"screen_name"=>"engin"}
  [1m[36mUser Load (0.3ms)[0m  [1mSELECT "users".* FROM "users" WHERE "users"."screen_name" = 'engin' LIMIT 1[0m
  [1m[35mSpec Load (0.3ms)[0m  SELECT "specs".* FROM "specs" WHERE ("specs".user_id = 1) LIMIT 1
  [1m[36mFaq Load (0.3ms)[0m  [1mSELECT "faqs".* FROM "faqs" WHERE ("faqs".user_id = 1) LIMIT 1[0m
  [1m[35mBlog Load (0.2ms)[0m  SELECT "blogs".* FROM "blogs" WHERE ("blogs".user_id = 1) LIMIT 1
  [1m[36mPost Load (0.3ms)[0m  [1mSELECT "posts".* FROM "posts" WHERE ("posts".blog_id = 1) ORDER BY created_at DESC LIMIT 10 OFFSET 0[0m
Rendered faq/_sidebar_box.html.erb (10.4ms)
Rendered avatar/_sidebar_box.html.erb (11.9ms)
  [1m[35mComment Load (0.2ms)[0m  SELECT "comments".* FROM "comments" WHERE ("comments".post_id = 8) ORDER BY created_at
Rendered comments/_comment.html.erb (0.0ms)
Rendered profile/_blog.html.erb (28.8ms)
Rendered profile/show.html.erb within layouts/application (107.2ms)
Completed   in 245ms

ActionView::Template::Error (wrong number of arguments(0 for 1)):
    21:   </div>
    22:   <% if logged_in? %>
    23:     <div id="add_comment_link_for_post_<%= post.id %>">
    24:       <%= link_to "评论",:remote=>true ,:url=>new_blog_post_comment_path(1,1),method=>:get %>
    25:     </div>
    26:     <div id="new_comment_form_for_post_<%= post.id %>" >
    27:     </div>
  app/views/profile/_blog.html.erb:24:in `method'
  app/views/profile/_blog.html.erb:24:in `block in _app_views_profile__blog_html_erb__113559566_98309390_878207980'
  app/views/profile/_blog.html.erb:2:in `each'
  app/views/profile/_blog.html.erb:2:in `_app_views_profile__blog_html_erb__113559566_98309390_878207980'
  app/views/profile/show.html.erb:30:in `_app_views_profile_show_html_erb___995601624_95004800_505155244'

Rendered /usr/local/lib/ruby/gems/1.9.1/gems/actionpack-3.0.7/lib/action_dispatch/middleware/templates/rescues/_trace.erb (1.4ms)
Rendered /usr/local/lib/ruby/gems/1.9.1/gems/actionpack-3.0.7/lib/action_dispatch/middleware/templates/rescues/_request_and_response.erb (5.2ms)
Rendered /usr/local/lib/ruby/gems/1.9.1/gems/actionpack-3.0.7/lib/action_dispatch/middleware/templates/rescues/template_error.erb within rescues/layout (10.9ms)


Started GET "/profile/engin" for 127.0.0.1 at 2011-06-18 22:46:10 +0800
  Processing by ProfileController#show as HTML
  Parameters: {"screen_name"=>"engin"}
  [1m[36mUser Load (0.3ms)[0m  [1mSELECT "users".* FROM "users" WHERE "users"."screen_name" = 'engin' LIMIT 1[0m
  [1m[35mSpec Load (0.3ms)[0m  SELECT "specs".* FROM "specs" WHERE ("specs".user_id = 1) LIMIT 1
  [1m[36mFaq Load (0.2ms)[0m  [1mSELECT "faqs".* FROM "faqs" WHERE ("faqs".user_id = 1) LIMIT 1[0m
  [1m[35mBlog Load (0.2ms)[0m  SELECT "blogs".* FROM "blogs" WHERE ("blogs".user_id = 1) LIMIT 1
  [1m[36mPost Load (0.3ms)[0m  [1mSELECT "posts".* FROM "posts" WHERE ("posts".blog_id = 1) ORDER BY created_at DESC LIMIT 10 OFFSET 0[0m
Rendered faq/_sidebar_box.html.erb (10.5ms)
Rendered avatar/_sidebar_box.html.erb (12.0ms)
  [1m[35mComment Load (0.2ms)[0m  SELECT "comments".* FROM "comments" WHERE ("comments".post_id = 8) ORDER BY created_at
Rendered comments/_comment.html.erb (0.0ms)
Rendered profile/_blog.html.erb (29.2ms)
Rendered profile/show.html.erb within layouts/application (108.2ms)
Completed   in 247ms

ActionView::Template::Error (wrong number of arguments(0 for 1)):
    21:   </div>
    22:   <% if logged_in? %>
    23:     <div id="add_comment_link_for_post_<%= post.id %>">
    24:       <%= link_to "评论",:remote=>true ,:url=>new_blog_post_comment_path(1,8),method=>:get %>
    25:     </div>
    26:     <div id="new_comment_form_for_post_<%= post.id %>" >
    27:     </div>
  app/views/profile/_blog.html.erb:24:in `method'
  app/views/profile/_blog.html.erb:24:in `block in _app_views_profile__blog_html_erb__113559566_98306580_878207980'
  app/views/profile/_blog.html.erb:2:in `each'
  app/views/profile/_blog.html.erb:2:in `_app_views_profile__blog_html_erb__113559566_98306580_878207980'
  app/views/profile/show.html.erb:30:in `_app_views_profile_show_html_erb___995601624_94999790_505155244'

Rendered /usr/local/lib/ruby/gems/1.9.1/gems/actionpack-3.0.7/lib/action_dispatch/middleware/templates/rescues/_trace.erb (1.7ms)
Rendered /usr/local/lib/ruby/gems/1.9.1/gems/actionpack-3.0.7/lib/action_dispatch/middleware/templates/rescues/_request_and_response.erb (5.1ms)
Rendered /usr/local/lib/ruby/gems/1.9.1/gems/actionpack-3.0.7/lib/action_dispatch/middleware/templates/rescues/template_error.erb within rescues/layout (11.0ms)


Started GET "/profile/engin" for 127.0.0.1 at 2011-06-18 22:46:31 +0800
  Processing by ProfileController#show as HTML
  Parameters: {"screen_name"=>"engin"}
  [1m[36mUser Load (0.3ms)[0m  [1mSELECT "users".* FROM "users" WHERE "users"."screen_name" = 'engin' LIMIT 1[0m
  [1m[35mSpec Load (0.3ms)[0m  SELECT "specs".* FROM "specs" WHERE ("specs".user_id = 1) LIMIT 1
  [1m[36mFaq Load (0.3ms)[0m  [1mSELECT "faqs".* FROM "faqs" WHERE ("faqs".user_id = 1) LIMIT 1[0m
  [1m[35mBlog Load (0.2ms)[0m  SELECT "blogs".* FROM "blogs" WHERE ("blogs".user_id = 1) LIMIT 1
  [1m[36mPost Load (0.4ms)[0m  [1mSELECT "posts".* FROM "posts" WHERE ("posts".blog_id = 1) ORDER BY created_at DESC LIMIT 10 OFFSET 0[0m
Rendered faq/_sidebar_box.html.erb (10.6ms)
Rendered avatar/_sidebar_box.html.erb (11.9ms)
  [1m[35mComment Load (0.2ms)[0m  SELECT "comments".* FROM "comments" WHERE ("comments".post_id = 8) ORDER BY created_at
Rendered comments/_comment.html.erb (0.0ms)
Rendered profile/_blog.html.erb (28.8ms)
Rendered profile/show.html.erb within layouts/application (107.3ms)
Completed   in 246ms

ActionView::Template::Error (No route matches {:action=>"new", :controller=>"comments"}):
    21:   </div>
    22:   <% if logged_in? %>
    23:     <div id="add_comment_link_for_post_<%= post.id %>">
    24:       <%= link_to "评论",:remote=>true ,:url=>new_blog_post_comment_path,method=>:get %>
    25:     </div>
    26:     <div id="new_comment_form_for_post_<%= post.id %>" >
    27:     </div>
  app/views/profile/_blog.html.erb:24:in `block in _app_views_profile__blog_html_erb__113559566_98225930_878207980'
  app/views/profile/_blog.html.erb:2:in `each'
  app/views/profile/_blog.html.erb:2:in `_app_views_profile__blog_html_erb__113559566_98225930_878207980'
  app/views/profile/show.html.erb:30:in `_app_views_profile_show_html_erb___995601624_94962260_505155244'

Rendered /usr/local/lib/ruby/gems/1.9.1/gems/actionpack-3.0.7/lib/action_dispatch/middleware/templates/rescues/_trace.erb (1.5ms)
Rendered /usr/local/lib/ruby/gems/1.9.1/gems/actionpack-3.0.7/lib/action_dispatch/middleware/templates/rescues/_request_and_response.erb (5.2ms)
Rendered /usr/local/lib/ruby/gems/1.9.1/gems/actionpack-3.0.7/lib/action_dispatch/middleware/templates/rescues/template_error.erb within rescues/layout (11.0ms)


Started GET "/profile/engin" for 127.0.0.1 at 2011-06-18 22:46:47 +0800
  Processing by ProfileController#show as HTML
  Parameters: {"screen_name"=>"engin"}
  [1m[36mUser Load (0.3ms)[0m  [1mSELECT "users".* FROM "users" WHERE "users"."screen_name" = 'engin' LIMIT 1[0m
  [1m[35mSpec Load (0.3ms)[0m  SELECT "specs".* FROM "specs" WHERE ("specs".user_id = 1) LIMIT 1
  [1m[36mFaq Load (0.3ms)[0m  [1mSELECT "faqs".* FROM "faqs" WHERE ("faqs".user_id = 1) LIMIT 1[0m
  [1m[35mBlog Load (0.2ms)[0m  SELECT "blogs".* FROM "blogs" WHERE ("blogs".user_id = 1) LIMIT 1
  [1m[36mPost Load (0.4ms)[0m  [1mSELECT "posts".* FROM "posts" WHERE ("posts".blog_id = 1) ORDER BY created_at DESC LIMIT 10 OFFSET 0[0m
Rendered faq/_sidebar_box.html.erb (10.4ms)
Rendered avatar/_sidebar_box.html.erb (11.8ms)
  [1m[35mComment Load (0.2ms)[0m  SELECT "comments".* FROM "comments" WHERE ("comments".post_id = 8) ORDER BY created_at
Rendered comments/_comment.html.erb (0.0ms)
Rendered profile/_blog.html.erb (28.4ms)
Rendered profile/show.html.erb within layouts/application (108.4ms)
Completed   in 250ms

ActionView::Template::Error (No route matches {:action=>"new", :controller=>"comments", :blog_id=>1}):
    21:   </div>
    22:   <% if logged_in? %>
    23:     <div id="add_comment_link_for_post_<%= post.id %>">
    24:       <%= link_to "评论",:remote=>true ,:url=>new_blog_post_comment_path(1),method=>:get %>
    25:     </div>
    26:     <div id="new_comment_form_for_post_<%= post.id %>" >
    27:     </div>
  app/views/profile/_blog.html.erb:24:in `block in _app_views_profile__blog_html_erb__113559566_98223380_878207980'
  app/views/profile/_blog.html.erb:2:in `each'
  app/views/profile/_blog.html.erb:2:in `_app_views_profile__blog_html_erb__113559566_98223380_878207980'
  app/views/profile/show.html.erb:30:in `_app_views_profile_show_html_erb___995601624_94902750_505155244'

Rendered /usr/local/lib/ruby/gems/1.9.1/gems/actionpack-3.0.7/lib/action_dispatch/middleware/templates/rescues/_trace.erb (1.5ms)
Rendered /usr/local/lib/ruby/gems/1.9.1/gems/actionpack-3.0.7/lib/action_dispatch/middleware/templates/rescues/_request_and_response.erb (5.2ms)
Rendered /usr/local/lib/ruby/gems/1.9.1/gems/actionpack-3.0.7/lib/action_dispatch/middleware/templates/rescues/template_error.erb within rescues/layout (11.0ms)


Started GET "/profile/engin" for 127.0.0.1 at 2011-06-18 22:46:50 +0800
  Processing by ProfileController#show as HTML
  Parameters: {"screen_name"=>"engin"}
  [1m[36mUser Load (0.3ms)[0m  [1mSELECT "users".* FROM "users" WHERE "users"."screen_name" = 'engin' LIMIT 1[0m
  [1m[35mSpec Load (0.3ms)[0m  SELECT "specs".* FROM "specs" WHERE ("specs".user_id = 1) LIMIT 1
  [1m[36mFaq Load (0.3ms)[0m  [1mSELECT "faqs".* FROM "faqs" WHERE ("faqs".user_id = 1) LIMIT 1[0m
  [1m[35mBlog Load (0.3ms)[0m  SELECT "blogs".* FROM "blogs" WHERE ("blogs".user_id = 1) LIMIT 1
  [1m[36mPost Load (0.3ms)[0m  [1mSELECT "posts".* FROM "posts" WHERE ("posts".blog_id = 1) ORDER BY created_at DESC LIMIT 10 OFFSET 0[0m
Rendered faq/_sidebar_box.html.erb (11.3ms)
Rendered avatar/_sidebar_box.html.erb (12.0ms)
  [1m[35mComment Load (0.3ms)[0m  SELECT "comments".* FROM "comments" WHERE ("comments".post_id = 8) ORDER BY created_at
Rendered comments/_comment.html.erb (0.0ms)
Rendered profile/_blog.html.erb (28.5ms)
Rendered profile/show.html.erb within layouts/application (106.6ms)
Completed   in 250ms

ActionView::Template::Error (No route matches {:action=>"new", :controller=>"comments", :blog_id=>1}):
    21:   </div>
    22:   <% if logged_in? %>
    23:     <div id="add_comment_link_for_post_<%= post.id %>">
    24:       <%= link_to "评论",:remote=>true ,:url=>new_blog_post_comment_path(1),method=>:get %>
    25:     </div>
    26:     <div id="new_comment_form_for_post_<%= post.id %>" >
    27:     </div>
  app/views/profile/_blog.html.erb:24:in `block in _app_views_profile__blog_html_erb__113559566_98220510_878207980'
  app/views/profile/_blog.html.erb:2:in `each'
  app/views/profile/_blog.html.erb:2:in `_app_views_profile__blog_html_erb__113559566_98220510_878207980'
  app/views/profile/show.html.erb:30:in `_app_views_profile_show_html_erb___995601624_94859340_505155244'

Rendered /usr/local/lib/ruby/gems/1.9.1/gems/actionpack-3.0.7/lib/action_dispatch/middleware/templates/rescues/_trace.erb (1.5ms)
Rendered /usr/local/lib/ruby/gems/1.9.1/gems/actionpack-3.0.7/lib/action_dispatch/middleware/templates/rescues/_request_and_response.erb (5.1ms)
Rendered /usr/local/lib/ruby/gems/1.9.1/gems/actionpack-3.0.7/lib/action_dispatch/middleware/templates/rescues/template_error.erb within rescues/layout (11.0ms)


Started GET "/profile/engin" for 127.0.0.1 at 2011-06-18 22:46:52 +0800
  Processing by ProfileController#show as HTML
  Parameters: {"screen_name"=>"engin"}
  [1m[36mUser Load (0.3ms)[0m  [1mSELECT "users".* FROM "users" WHERE "users"."screen_name" = 'engin' LIMIT 1[0m
  [1m[35mSpec Load (0.3ms)[0m  SELECT "specs".* FROM "specs" WHERE ("specs".user_id = 1) LIMIT 1
  [1m[36mFaq Load (0.3ms)[0m  [1mSELECT "faqs".* FROM "faqs" WHERE ("faqs".user_id = 1) LIMIT 1[0m
  [1m[35mBlog Load (0.2ms)[0m  SELECT "blogs".* FROM "blogs" WHERE ("blogs".user_id = 1) LIMIT 1
  [1m[36mPost Load (0.3ms)[0m  [1mSELECT "posts".* FROM "posts" WHERE ("posts".blog_id = 1) ORDER BY created_at DESC LIMIT 10 OFFSET 0[0m
Rendered faq/_sidebar_box.html.erb (10.4ms)
Rendered avatar/_sidebar_box.html.erb (11.8ms)
  [1m[35mComment Load (0.3ms)[0m  SELECT "comments".* FROM "comments" WHERE ("comments".post_id = 8) ORDER BY created_at
Rendered comments/_comment.html.erb (0.0ms)
Rendered profile/_blog.html.erb (28.9ms)
Rendered profile/show.html.erb within layouts/application (108.3ms)
Completed   in 250ms

ActionView::Template::Error (No route matches {:action=>"new", :controller=>"comments", :blog_id=>1}):
    21:   </div>
    22:   <% if logged_in? %>
    23:     <div id="add_comment_link_for_post_<%= post.id %>">
    24:       <%= link_to "评论",:remote=>true ,:url=>new_blog_post_comment_path(1),method=>:get %>
    25:     </div>
    26:     <div id="new_comment_form_for_post_<%= post.id %>" >
    27:     </div>
  app/views/profile/_blog.html.erb:24:in `block in _app_views_profile__blog_html_erb__113559566_97889210_878207980'
  app/views/profile/_blog.html.erb:2:in `each'
  app/views/profile/_blog.html.erb:2:in `_app_views_profile__blog_html_erb__113559566_97889210_878207980'
  app/views/profile/show.html.erb:30:in `_app_views_profile_show_html_erb___995601624_94851940_505155244'

Rendered /usr/local/lib/ruby/gems/1.9.1/gems/actionpack-3.0.7/lib/action_dispatch/middleware/templates/rescues/_trace.erb (1.7ms)
Rendered /usr/local/lib/ruby/gems/1.9.1/gems/actionpack-3.0.7/lib/action_dispatch/middleware/templates/rescues/_request_and_response.erb (5.2ms)
Rendered /usr/local/lib/ruby/gems/1.9.1/gems/actionpack-3.0.7/lib/action_dispatch/middleware/templates/rescues/template_error.erb within rescues/layout (11.7ms)


Started GET "/profile/engin" for 127.0.0.1 at 2011-06-18 22:47:04 +0800
  Processing by ProfileController#show as HTML
  Parameters: {"screen_name"=>"engin"}
  [1m[36mUser Load (0.3ms)[0m  [1mSELECT "users".* FROM "users" WHERE "users"."screen_name" = 'engin' LIMIT 1[0m
  [1m[35mSpec Load (0.3ms)[0m  SELECT "specs".* FROM "specs" WHERE ("specs".user_id = 1) LIMIT 1
  [1m[36mFaq Load (0.3ms)[0m  [1mSELECT "faqs".* FROM "faqs" WHERE ("faqs".user_id = 1) LIMIT 1[0m
  [1m[35mBlog Load (0.2ms)[0m  SELECT "blogs".* FROM "blogs" WHERE ("blogs".user_id = 1) LIMIT 1
  [1m[36mPost Load (0.3ms)[0m  [1mSELECT "posts".* FROM "posts" WHERE ("posts".blog_id = 1) ORDER BY created_at DESC LIMIT 10 OFFSET 0[0m
Rendered faq/_sidebar_box.html.erb (10.6ms)
Rendered avatar/_sidebar_box.html.erb (12.1ms)
  [1m[35mComment Load (0.2ms)[0m  SELECT "comments".* FROM "comments" WHERE ("comments".post_id = 8) ORDER BY created_at
Rendered comments/_comment.html.erb (0.0ms)
Rendered profile/_blog.html.erb (28.8ms)
Rendered profile/show.html.erb within layouts/application (108.3ms)
Completed   in 251ms

ActionView::Template::Error (wrong number of arguments(0 for 1)):
    21:   </div>
    22:   <% if logged_in? %>
    23:     <div id="add_comment_link_for_post_<%= post.id %>">
    24:       <%= link_to "评论",:remote=>true ,:url=>new_blog_post_comment_path(1,8),method=>:get %>
    25:     </div>
    26:     <div id="new_comment_form_for_post_<%= post.id %>" >
    27:     </div>
  app/views/profile/_blog.html.erb:24:in `method'
  app/views/profile/_blog.html.erb:24:in `block in _app_views_profile__blog_html_erb__113559566_97885950_878207980'
  app/views/profile/_blog.html.erb:2:in `each'
  app/views/profile/_blog.html.erb:2:in `_app_views_profile__blog_html_erb__113559566_97885950_878207980'
  app/views/profile/show.html.erb:30:in `_app_views_profile_show_html_erb___995601624_94845490_505155244'

Rendered /usr/local/lib/ruby/gems/1.9.1/gems/actionpack-3.0.7/lib/action_dispatch/middleware/templates/rescues/_trace.erb (1.4ms)
Rendered /usr/local/lib/ruby/gems/1.9.1/gems/actionpack-3.0.7/lib/action_dispatch/middleware/templates/rescues/_request_and_response.erb (5.2ms)
Rendered /usr/local/lib/ruby/gems/1.9.1/gems/actionpack-3.0.7/lib/action_dispatch/middleware/templates/rescues/template_error.erb within rescues/layout (10.9ms)


Started GET "/profile/engin" for 127.0.0.1 at 2011-06-18 22:47:25 +0800
  Processing by ProfileController#show as HTML
  Parameters: {"screen_name"=>"engin"}
  [1m[36mUser Load (0.3ms)[0m  [1mSELECT "users".* FROM "users" WHERE "users"."screen_name" = 'engin' LIMIT 1[0m
  [1m[35mSpec Load (0.3ms)[0m  SELECT "specs".* FROM "specs" WHERE ("specs".user_id = 1) LIMIT 1
  [1m[36mFaq Load (0.3ms)[0m  [1mSELECT "faqs".* FROM "faqs" WHERE ("faqs".user_id = 1) LIMIT 1[0m
  [1m[35mBlog Load (0.2ms)[0m  SELECT "blogs".* FROM "blogs" WHERE ("blogs".user_id = 1) LIMIT 1
  [1m[36mPost Load (0.3ms)[0m  [1mSELECT "posts".* FROM "posts" WHERE ("posts".blog_id = 1) ORDER BY created_at DESC LIMIT 10 OFFSET 0[0m
Rendered faq/_sidebar_box.html.erb (10.7ms)
Rendered avatar/_sidebar_box.html.erb (11.7ms)
  [1m[35mComment Load (0.2ms)[0m  SELECT "comments".* FROM "comments" WHERE ("comments".post_id = 8) ORDER BY created_at
Rendered comments/_comment.html.erb (0.0ms)
Rendered profile/_blog.html.erb (28.6ms)
Rendered profile/show.html.erb within layouts/application (108.7ms)
Completed   in 248ms

ActionView::Template::Error (No route matches {:action=>"new", :controller=>"comments", :blog_id=>1}):
    21:   </div>
    22:   <% if logged_in? %>
    23:     <div id="add_comment_link_for_post_<%= post.id %>">
    24:       <%= link_to "评论",:remote=>true ,:url=>new_blog_post_comment_path(1),method=>:get %>
    25:     </div>
    26:     <div id="new_comment_form_for_post_<%= post.id %>" >
    27:     </div>
  app/views/profile/_blog.html.erb:24:in `block in _app_views_profile__blog_html_erb__113559566_97884250_878207980'
  app/views/profile/_blog.html.erb:2:in `each'
  app/views/profile/_blog.html.erb:2:in `_app_views_profile__blog_html_erb__113559566_97884250_878207980'
  app/views/profile/show.html.erb:30:in `_app_views_profile_show_html_erb___995601624_94831510_505155244'

Rendered /usr/local/lib/ruby/gems/1.9.1/gems/actionpack-3.0.7/lib/action_dispatch/middleware/templates/rescues/_trace.erb (1.5ms)
Rendered /usr/local/lib/ruby/gems/1.9.1/gems/actionpack-3.0.7/lib/action_dispatch/middleware/templates/rescues/_request_and_response.erb (5.1ms)
Rendered /usr/local/lib/ruby/gems/1.9.1/gems/actionpack-3.0.7/lib/action_dispatch/middleware/templates/rescues/template_error.erb within rescues/layout (10.9ms)


Started GET "/blogs/1/posts" for 127.0.0.1 at 2011-06-18 23:00:19 +0800
  Processing by PostsController#index as HTML
  Parameters: {"blog_id"=>"1"}
  [1m[36mBlog Load (2.2ms)[0m  [1mSELECT "blogs".* FROM "blogs" WHERE "blogs"."id" = 1 LIMIT 1[0m
  [1m[35mUser Load (0.3ms)[0m  SELECT "users".* FROM "users" WHERE "users"."id" = 1 LIMIT 1
  [1m[36mCACHE (0.0ms)[0m  [1mSELECT "users".* FROM "users" WHERE "users"."id" = 1 LIMIT 1[0m
  [1m[35mPost Load (0.3ms)[0m  SELECT "posts".* FROM "posts" WHERE "posts"."blog_id" = 1
  [1m[36mCACHE (0.0ms)[0m  [1mSELECT "blogs".* FROM "blogs" WHERE "blogs"."id" = 1 LIMIT 1[0m
  [1m[35mCACHE (0.0ms)[0m  SELECT "blogs".* FROM "blogs" WHERE "blogs"."id" = 1 LIMIT 1
Rendered posts/index.html.erb within layouts/application (21.4ms)
Completed 200 OK in 134ms (Views: 26.1ms | ActiveRecord: 2.7ms)


Started GET "/blogs/1/posts/8" for 127.0.0.1 at 2011-06-18 23:00:24 +0800
  Processing by PostsController#show as HTML
  Parameters: {"blog_id"=>"1", "id"=>"8"}
  [1m[36mBlog Load (0.2ms)[0m  [1mSELECT "blogs".* FROM "blogs" WHERE "blogs"."id" = 1 LIMIT 1[0m
  [1m[35mUser Load (0.3ms)[0m  SELECT "users".* FROM "users" WHERE "users"."id" = 1 LIMIT 1
  [1m[36mCACHE (0.0ms)[0m  [1mSELECT "users".* FROM "users" WHERE "users"."id" = 1 LIMIT 1[0m
  [1m[35mPost Load (0.2ms)[0m  SELECT "posts".* FROM "posts" WHERE "posts"."id" = 8 LIMIT 1
Rendered posts/show.html.erb within layouts/application (16.0ms)
Completed 200 OK in 89ms (Views: 20.6ms | ActiveRecord: 0.8ms)


Started GET "/blogs/1/posts/8/comment" for 127.0.0.1 at 2011-06-18 23:00:38 +0800

ActionController::RoutingError (No route matches "/blogs/1/posts/8/comment"):
  

Rendered /usr/local/lib/ruby/gems/1.9.1/gems/actionpack-3.0.7/lib/action_dispatch/middleware/templates/rescues/routing_error.erb within rescues/layout (1.2ms)


Started GET "/blogs/1/posts/8/comment/new" for 127.0.0.1 at 2011-06-18 23:00:46 +0800

ActionController::RoutingError (No route matches "/blogs/1/posts/8/comment/new"):
  

Rendered /usr/local/lib/ruby/gems/1.9.1/gems/actionpack-3.0.7/lib/action_dispatch/middleware/templates/rescues/routing_error.erb within rescues/layout (1.0ms)


Started GET "/blogs/1/posts/8/comments/new" for 127.0.0.1 at 2011-06-18 23:01:04 +0800
  Processing by CommentsController#new as HTML
  Parameters: {"blog_id"=>"1", "post_id"=>"8"}
  [1m[36mPost Load (0.3ms)[0m  [1mSELECT "posts".* FROM "posts" WHERE "posts"."id" = 8 LIMIT 1[0m
Completed 406 Not Acceptable in 31ms


Started GET "/blogs/1/posts/8/comments/new" for 127.0.0.1 at 2011-06-19 00:00:49 +0800
  Processing by CommentsController#new as HTML
  Parameters: {"blog_id"=>"1", "post_id"=>"8"}
  [1m[35mPost Load (0.2ms)[0m  SELECT "posts".* FROM "posts" WHERE "posts"."id" = 8 LIMIT 1
Completed 406 Not Acceptable in 72ms


Started GET "/blogs/1/posts/8/comments/new" for 127.0.0.1 at 2011-06-19 00:01:24 +0800
  Processing by CommentsController#new as HTML
  Parameters: {"blog_id"=>"1", "post_id"=>"8"}
  [1m[36mPost Load (0.3ms)[0m  [1mSELECT "posts".* FROM "posts" WHERE "posts"."id" = 8 LIMIT 1[0m
Completed 406 Not Acceptable in 29ms


Started GET "/blogs/1/posts/8/comments/" for 127.0.0.1 at 2011-06-19 00:01:28 +0800

AbstractController::ActionNotFound (The action 'index' could not be found for CommentsController):
  

Rendered /usr/local/lib/ruby/gems/1.9.1/gems/actionpack-3.0.7/lib/action_dispatch/middleware/templates/rescues/unknown_action.erb within rescues/layout (0.8ms)


Started GET "/blogs/1/posts/8/comments/new" for 127.0.0.1 at 2011-06-19 00:01:34 +0800
  Processing by CommentsController#new as HTML
  Parameters: {"blog_id"=>"1", "post_id"=>"8"}
  [1m[35mPost Load (0.3ms)[0m  SELECT "posts".* FROM "posts" WHERE "posts"."id" = 8 LIMIT 1
Completed 406 Not Acceptable in 30ms


Started GET "/blogs/1/posts/8/comments/" for 127.0.0.1 at 2011-06-19 00:02:17 +0800
  Processing by CommentsController#index as HTML
  Parameters: {"blog_id"=>"1", "post_id"=>"8"}
  [1m[36mPost Load (0.2ms)[0m  [1mSELECT "posts".* FROM "posts" WHERE "posts"."id" = 8 LIMIT 1[0m
Completed   in 22ms

ActionView::MissingTemplate (Missing template comments/index with {:handlers=>[:erb, :rjs, :builder, :rhtml, :rxml], :formats=>[:html], :locale=>[:en, :en]} in view paths "/media/WEB/rubyapp/railsspace/app/views", "/media/WEB/rubyapp/railsspace/vendor/plugins/dynamic_form/app/views"):
  

Rendered /usr/local/lib/ruby/gems/1.9.1/gems/actionpack-3.0.7/lib/action_dispatch/middleware/templates/rescues/missing_template.erb within rescues/layout (0.8ms)


Started GET "/" for 127.0.0.1 at 2011-06-19 00:06:30 +0800
  Processing by SiteController#index as HTML
Rendered site/index.html.erb within layouts/application (9.7ms)
Completed 200 OK in 15ms (Views: 14.3ms | ActiveRecord: 0.0ms)


Started GET "/user/index" for 127.0.0.1 at 2011-06-19 00:06:31 +0800
  Processing by UserController#index as HTML
  [1m[35mUser Load (0.3ms)[0m  SELECT "users".* FROM "users" WHERE "users"."id" = 1 LIMIT 1
  [1m[36mSpec Load (0.3ms)[0m  [1mSELECT "specs".* FROM "specs" WHERE ("specs".user_id = 1) LIMIT 1[0m
  [1m[35mFaq Load (0.3ms)[0m  SELECT "faqs".* FROM "faqs" WHERE ("faqs".user_id = 1) LIMIT 1
  [1m[36mBlog Load (0.2ms)[0m  [1mSELECT "blogs".* FROM "blogs" WHERE ("blogs".user_id = 1) LIMIT 1[0m
  [1m[35mPost Load (0.4ms)[0m  SELECT "posts".* FROM "posts" WHERE ("posts".blog_id = 1) ORDER BY created_at DESC LIMIT 10 OFFSET 0
Rendered spec/_field_row.html.erb (11.2ms)
Rendered faq/_sidebar_box.html.erb (10.9ms)
Rendered avatar/_sidebar_box.html.erb (12.2ms)
Rendered user/index.html.erb within layouts/application (48.8ms)
Completed 200 OK in 188ms (Views: 53.6ms | ActiveRecord: 1.4ms)


Started GET "/profile/engin" for 127.0.0.1 at 2011-06-19 00:06:34 +0800
  Processing by ProfileController#show as HTML
  Parameters: {"screen_name"=>"engin"}
  [1m[36mUser Load (0.3ms)[0m  [1mSELECT "users".* FROM "users" WHERE "users"."screen_name" = 'engin' LIMIT 1[0m
  [1m[35mSpec Load (0.3ms)[0m  SELECT "specs".* FROM "specs" WHERE ("specs".user_id = 1) LIMIT 1
  [1m[36mFaq Load (0.2ms)[0m  [1mSELECT "faqs".* FROM "faqs" WHERE ("faqs".user_id = 1) LIMIT 1[0m
  [1m[35mBlog Load (0.2ms)[0m  SELECT "blogs".* FROM "blogs" WHERE ("blogs".user_id = 1) LIMIT 1
  [1m[36mPost Load (0.4ms)[0m  [1mSELECT "posts".* FROM "posts" WHERE ("posts".blog_id = 1) ORDER BY created_at DESC LIMIT 10 OFFSET 0[0m
Rendered faq/_sidebar_box.html.erb (11.4ms)
Rendered avatar/_sidebar_box.html.erb (12.5ms)
  [1m[35mComment Load (0.2ms)[0m  SELECT "comments".* FROM "comments" WHERE ("comments".post_id = 8) ORDER BY created_at
Rendered comments/_comment.html.erb (0.0ms)
Rendered profile/_blog.html.erb (30.0ms)
Rendered profile/show.html.erb within layouts/application (68.7ms)
Completed   in 209ms

ActionView::Template::Error (No route matches {:action=>"new", :controller=>"comments", :blog_id=>1}):
    21:   </div>
    22:   <% if logged_in? %>
    23:     <div id="add_comment_link_for_post_<%= post.id %>">
    24:       <%= link_to "评论",:remote=>true ,:url=>new_blog_post_comment_path(1),method=>:get %>
    25:     </div>
    26:     <div id="new_comment_form_for_post_<%= post.id %>" >
    27:     </div>
  app/views/profile/_blog.html.erb:24:in `block in _app_views_profile__blog_html_erb__113559566_95616320_878207980'
  app/views/profile/_blog.html.erb:2:in `each'
  app/views/profile/_blog.html.erb:2:in `_app_views_profile__blog_html_erb__113559566_95616320_878207980'
  app/views/profile/show.html.erb:30:in `_app_views_profile_show_html_erb___995601624_98970970_505155244'

Rendered /usr/local/lib/ruby/gems/1.9.1/gems/actionpack-3.0.7/lib/action_dispatch/middleware/templates/rescues/_trace.erb (1.5ms)
Rendered /usr/local/lib/ruby/gems/1.9.1/gems/actionpack-3.0.7/lib/action_dispatch/middleware/templates/rescues/_request_and_response.erb (5.2ms)
Rendered /usr/local/lib/ruby/gems/1.9.1/gems/actionpack-3.0.7/lib/action_dispatch/middleware/templates/rescues/template_error.erb within rescues/layout (11.0ms)


Started GET "/profile/engin" for 127.0.0.1 at 2011-06-19 00:33:09 +0800
  Processing by ProfileController#show as HTML
  Parameters: {"screen_name"=>"engin"}
  [1m[36mUser Load (0.3ms)[0m  [1mSELECT "users".* FROM "users" WHERE "users"."screen_name" = 'engin' LIMIT 1[0m
  [1m[35mSpec Load (0.3ms)[0m  SELECT "specs".* FROM "specs" WHERE ("specs".user_id = 1) LIMIT 1
  [1m[36mFaq Load (0.3ms)[0m  [1mSELECT "faqs".* FROM "faqs" WHERE ("faqs".user_id = 1) LIMIT 1[0m
  [1m[35mBlog Load (0.2ms)[0m  SELECT "blogs".* FROM "blogs" WHERE ("blogs".user_id = 1) LIMIT 1
  [1m[36mPost Load (0.4ms)[0m  [1mSELECT "posts".* FROM "posts" WHERE ("posts".blog_id = 1) ORDER BY created_at DESC LIMIT 10 OFFSET 0[0m
Rendered faq/_sidebar_box.html.erb (12.1ms)
Rendered avatar/_sidebar_box.html.erb (14.5ms)
  [1m[35mComment Load (0.2ms)[0m  SELECT "comments".* FROM "comments" WHERE ("comments".post_id = 8) ORDER BY created_at
Rendered comments/_comment.html.erb (0.0ms)
Rendered profile/_blog.html.erb (28.2ms)
Rendered profile/show.html.erb within layouts/application (70.0ms)
Completed   in 212ms

ActionView::Template::Error (No route matches {:action=>"new", :controller=>"comments", :blog_id=>1}):
    21:   </div>
    22:   <% if logged_in? %>
    23:     <div id="add_comment_link_for_post_<%= post.id %>">
    24:       <%= link_to "评论",:remote=>true ,:url=>new_blog_post_comment_path(1),method=>:get %>
    25:     </div>
    26:     <div id="new_comment_form_for_post_<%= post.id %>" >
    27:     </div>
  app/views/profile/_blog.html.erb:24:in `block in _app_views_profile__blog_html_erb__113559566_95592600_878207980'
  app/views/profile/_blog.html.erb:2:in `each'
  app/views/profile/_blog.html.erb:2:in `_app_views_profile__blog_html_erb__113559566_95592600_878207980'
  app/views/profile/show.html.erb:30:in `_app_views_profile_show_html_erb___995601624_98970370_505155244'

Rendered /usr/local/lib/ruby/gems/1.9.1/gems/actionpack-3.0.7/lib/action_dispatch/middleware/templates/rescues/_trace.erb (1.5ms)
Rendered /usr/local/lib/ruby/gems/1.9.1/gems/actionpack-3.0.7/lib/action_dispatch/middleware/templates/rescues/_request_and_response.erb (5.3ms)
Rendered /usr/local/lib/ruby/gems/1.9.1/gems/actionpack-3.0.7/lib/action_dispatch/middleware/templates/rescues/template_error.erb within rescues/layout (11.1ms)


Started GET "/" for 127.0.0.1 at 2011-10-02 22:56:56 +0800
  Processing by SiteController#index as HTML
Rendered site/index.html.erb within layouts/application (11.3ms)
Completed 200 OK in 44ms (Views: 43.6ms | ActiveRecord: 0.0ms)


Started GET "/user/login" for 127.0.0.1 at 2011-10-02 22:57:01 +0800
  Processing by UserController#login as HTML
Rendered user/login.html.erb within layouts/application (9.5ms)
Completed 200 OK in 225ms (Views: 34.1ms | ActiveRecord: 0.0ms)


Started POST "/user/login" for 127.0.0.1 at 2011-10-02 22:57:08 +0800
  Processing by UserController#login as HTML
  Parameters: {"utf8"=>"✓", "authenticity_token"=>"WCYRwTP28MYNJzDMrW4xaXXvmG4BShqJ/ZKMracbg7Q=", "user"=>{"screen_name"=>"abcde", "password"=>"[FILTERED]", "remember_me"=>"0"}, "commit"=>"Login!"}
  [1m[36mSQL (0.3ms)[0m  [1m SELECT name
 FROM sqlite_master
 WHERE type = 'table' AND NOT name = 'sqlite_sequence'
[0m
  [1m[35mUser Load (0.2ms)[0m  SELECT "users".* FROM "users" WHERE "users"."screen_name" = 'abcde' AND "users"."password" = 'abcde' LIMIT 1
Rendered user/login.html.erb within layouts/application (10.4ms)
Completed 200 OK in 220ms (Views: 15.4ms | ActiveRecord: 0.5ms)


Started POST "/user/login" for 127.0.0.1 at 2011-10-02 22:57:21 +0800
  Processing by UserController#login as HTML
  Parameters: {"utf8"=>"✓", "authenticity_token"=>"WCYRwTP28MYNJzDMrW4xaXXvmG4BShqJ/ZKMracbg7Q=", "user"=>{"screen_name"=>"engin", "password"=>"[FILTERED]", "remember_me"=>"0"}, "commit"=>"Login!"}
  [1m[36mUser Load (0.5ms)[0m  [1mSELECT "users".* FROM "users" WHERE "users"."screen_name" = 'engin' AND "users"."password" = '19880115111' LIMIT 1[0m
Rendered user/login.html.erb within layouts/application (9.7ms)
Completed 200 OK in 92ms (Views: 20.6ms | ActiveRecord: 0.5ms)


Started POST "/user/login" for 127.0.0.1 at 2011-10-02 22:58:24 +0800
  Processing by UserController#login as HTML
  Parameters: {"utf8"=>"✓", "authenticity_token"=>"WCYRwTP28MYNJzDMrW4xaXXvmG4BShqJ/ZKMracbg7Q=", "user"=>{"screen_name"=>"aaaaaa", "password"=>"[FILTERED]", "remember_me"=>"0"}, "commit"=>"Login!"}
  [1m[35mUser Load (0.4ms)[0m  SELECT "users".* FROM "users" WHERE "users"."screen_name" = 'aaaaaa' AND "users"."password" = 'aaaaaa' LIMIT 1
Redirected to http://localhost:3000/user/index
Completed 302 Found in 29ms


Started GET "/user/index" for 127.0.0.1 at 2011-10-02 22:58:24 +0800
  Processing by UserController#index as HTML
  [1m[36mUser Load (0.6ms)[0m  [1mSELECT "users".* FROM "users" WHERE "users"."id" = 372253821 LIMIT 1[0m
  [1m[35mSpec Load (1.2ms)[0m  SELECT "specs".* FROM "specs" WHERE ("specs".user_id = 372253821) LIMIT 1
  [1m[36mFaq Load (0.3ms)[0m  [1mSELECT "faqs".* FROM "faqs" WHERE ("faqs".user_id = 372253821) LIMIT 1[0m
  [1m[35mBlog Load (0.6ms)[0m  SELECT "blogs".* FROM "blogs" WHERE ("blogs".user_id = 372253821) LIMIT 1
  [1m[36mPost Load (0.6ms)[0m  [1mSELECT "posts".* FROM "posts" WHERE ("posts".blog_id = 2) ORDER BY created_at DESC LIMIT 10 OFFSET 0[0m
Rendered spec/_field_row.html.erb (16.2ms)
Rendered faq/_sidebar_box.html.erb (15.3ms)
Rendered avatar/_sidebar_box.html.erb (28.3ms)
Rendered user/index.html.erb within layouts/application (100.2ms)
Completed 200 OK in 392ms (Views: 119.1ms | ActiveRecord: 3.2ms)


Started GET "/profile/aaaaaa" for 127.0.0.1 at 2011-10-02 22:58:33 +0800
  Processing by ProfileController#show as HTML
  Parameters: {"screen_name"=>"aaaaaa"}
  [1m[35mUser Load (0.4ms)[0m  SELECT "users".* FROM "users" WHERE "users"."screen_name" = 'aaaaaa' LIMIT 1
  [1m[36mSpec Load (0.9ms)[0m  [1mSELECT "specs".* FROM "specs" WHERE ("specs".user_id = 372253821) LIMIT 1[0m
  [1m[35mFaq Load (0.5ms)[0m  SELECT "faqs".* FROM "faqs" WHERE ("faqs".user_id = 372253821) LIMIT 1
  [1m[36mBlog Load (0.2ms)[0m  [1mSELECT "blogs".* FROM "blogs" WHERE ("blogs".user_id = 372253821) LIMIT 1[0m
  [1m[35mPost Load (0.2ms)[0m  SELECT "posts".* FROM "posts" WHERE ("posts".blog_id = 2) ORDER BY created_at DESC LIMIT 10 OFFSET 0
Rendered faq/_sidebar_box.html.erb (11.0ms)
Rendered avatar/_sidebar_box.html.erb (12.3ms)
Rendered profile/_blog.html.erb (1.0ms)
Rendered profile/show.html.erb within layouts/application (54.8ms)
Completed 200 OK in 215ms (Views: 83.3ms | ActiveRecord: 2.4ms)


Started GET "/user/index" for 127.0.0.1 at 2011-10-02 22:58:38 +0800
  Processing by UserController#index as HTML
  [1m[36mUser Load (0.5ms)[0m  [1mSELECT "users".* FROM "users" WHERE "users"."id" = 372253821 LIMIT 1[0m
  [1m[35mSpec Load (0.9ms)[0m  SELECT "specs".* FROM "specs" WHERE ("specs".user_id = 372253821) LIMIT 1
  [1m[36mFaq Load (0.3ms)[0m  [1mSELECT "faqs".* FROM "faqs" WHERE ("faqs".user_id = 372253821) LIMIT 1[0m
  [1m[35mBlog Load (0.2ms)[0m  SELECT "blogs".* FROM "blogs" WHERE ("blogs".user_id = 372253821) LIMIT 1
  [1m[36mPost Load (0.3ms)[0m  [1mSELECT "posts".* FROM "posts" WHERE ("posts".blog_id = 2) ORDER BY created_at DESC LIMIT 10 OFFSET 0[0m
Rendered spec/_field_row.html.erb (11.1ms)
Rendered faq/_sidebar_box.html.erb (10.7ms)
Rendered avatar/_sidebar_box.html.erb (12.4ms)
Rendered user/index.html.erb within layouts/application (48.9ms)
Completed 200 OK in 191ms (Views: 53.8ms | ActiveRecord: 2.2ms)


Started GET "/user/edit" for 127.0.0.1 at 2011-10-02 22:58:41 +0800
  Processing by UserController#edit as HTML
  [1m[35mUser Load (0.4ms)[0m  SELECT "users".* FROM "users" WHERE "users"."id" = 372253821 LIMIT 1
Rendered user/_errors_show.html.erb (0.7ms)
Rendered user/_password_field.html.erb (1.0ms)
Rendered user/_password_field.html.erb (0.8ms)
Rendered user/_password_field.html.erb (0.9ms)
Rendered user/edit.html.erb within layouts/application (19.7ms)
Completed 200 OK in 73ms (Views: 31.6ms | ActiveRecord: 0.4ms)


Started GET "/user/index" for 127.0.0.1 at 2011-10-02 22:58:43 +0800
  Processing by UserController#index as HTML
  [1m[36mUser Load (0.4ms)[0m  [1mSELECT "users".* FROM "users" WHERE "users"."id" = 372253821 LIMIT 1[0m
  [1m[35mSpec Load (0.9ms)[0m  SELECT "specs".* FROM "specs" WHERE ("specs".user_id = 372253821) LIMIT 1
  [1m[36mFaq Load (0.2ms)[0m  [1mSELECT "faqs".* FROM "faqs" WHERE ("faqs".user_id = 372253821) LIMIT 1[0m
  [1m[35mBlog Load (0.3ms)[0m  SELECT "blogs".* FROM "blogs" WHERE ("blogs".user_id = 372253821) LIMIT 1
  [1m[36mPost Load (0.2ms)[0m  [1mSELECT "posts".* FROM "posts" WHERE ("posts".blog_id = 2) ORDER BY created_at DESC LIMIT 10 OFFSET 0[0m
Rendered spec/_field_row.html.erb (10.9ms)
Rendered faq/_sidebar_box.html.erb (10.5ms)
Rendered avatar/_sidebar_box.html.erb (12.3ms)
Rendered user/index.html.erb within layouts/application (48.0ms)
Completed 200 OK in 181ms (Views: 52.9ms | ActiveRecord: 2.1ms)
