** Daemonized, any open files are closed.  Look at log/mongrel.pid and log/mongrel.log for info.
** Starting Mongrel listening at 0.0.0.0:8000
** Starting Rails with production environment...
/media/systerm/Sites/rails_space/app/models/spec.rb:10: uninitialized constant Spec::DataTime (NameError)
	from /usr/lib/ruby/gems/1.8/gems/railties-3.0.4/lib/rails/engine.rb:138:in `eager_load!'
	from /usr/lib/ruby/gems/1.8/gems/railties-3.0.4/lib/rails/engine.rb:137:in `each'
	from /usr/lib/ruby/gems/1.8/gems/railties-3.0.4/lib/rails/engine.rb:137:in `eager_load!'
	from /usr/lib/ruby/gems/1.8/gems/railties-3.0.4/lib/rails/engine.rb:135:in `each'
	from /usr/lib/ruby/gems/1.8/gems/railties-3.0.4/lib/rails/engine.rb:135:in `eager_load!'
	from /usr/lib/ruby/gems/1.8/gems/railties-3.0.4/lib/rails/application.rb:108:in `eager_load!'
	from /usr/lib/ruby/gems/1.8/gems/railties-3.0.4/lib/rails/application/finisher.rb:41
	from /usr/lib/ruby/gems/1.8/gems/railties-3.0.4/lib/rails/initializable.rb:25:in `instance_exec'
	from /usr/lib/ruby/gems/1.8/gems/railties-3.0.4/lib/rails/initializable.rb:25:in `run'
	from /usr/lib/ruby/gems/1.8/gems/railties-3.0.4/lib/rails/initializable.rb:50:in `run_initializers'
	from /usr/lib/ruby/gems/1.8/gems/railties-3.0.4/lib/rails/initializable.rb:49:in `each'
	from /usr/lib/ruby/gems/1.8/gems/railties-3.0.4/lib/rails/initializable.rb:49:in `run_initializers'
	from /usr/lib/ruby/gems/1.8/gems/railties-3.0.4/lib/rails/application.rb:134:in `initialize!'
	from /usr/lib/ruby/gems/1.8/gems/railties-3.0.4/lib/rails/application.rb:77:in `send'
	from /usr/lib/ruby/gems/1.8/gems/railties-3.0.4/lib/rails/application.rb:77:in `method_missing'
	from /media/systerm/Sites/rails_space/config/environment.rb:7
	from /usr/local/lib/site_ruby/1.8/rubygems/custom_require.rb:36:in `gem_original_require'
	from /usr/local/lib/site_ruby/1.8/rubygems/custom_require.rb:36:in `require'
	from /usr/lib/ruby/gems/1.8/gems/mongrel-1.1.5/bin/../lib/mongrel/rails.rb:147:in `rails'
	from /usr/lib/ruby/gems/1.8/gems/mongrel-1.1.5/bin/mongrel_rails:113:in `cloaker_'
	from /usr/lib/ruby/gems/1.8/gems/mongrel-1.1.5/bin/../lib/mongrel/configurator.rb:149:in `call'
	from /usr/lib/ruby/gems/1.8/gems/mongrel-1.1.5/bin/../lib/mongrel/configurator.rb:149:in `listener'
	from /usr/lib/ruby/gems/1.8/gems/mongrel-1.1.5/bin/mongrel_rails:99:in `cloaker_'
	from /usr/lib/ruby/gems/1.8/gems/mongrel-1.1.5/bin/../lib/mongrel/configurator.rb:50:in `call'
	from /usr/lib/ruby/gems/1.8/gems/mongrel-1.1.5/bin/../lib/mongrel/configurator.rb:50:in `initialize'
	from /usr/lib/ruby/gems/1.8/gems/mongrel-1.1.5/bin/mongrel_rails:84:in `new'
	from /usr/lib/ruby/gems/1.8/gems/mongrel-1.1.5/bin/mongrel_rails:84:in `run'
	from /usr/lib/ruby/gems/1.8/gems/mongrel-1.1.5/bin/../lib/mongrel/command.rb:212:in `run'
	from /usr/lib/ruby/gems/1.8/gems/mongrel-1.1.5/bin/mongrel_rails:281
	from /usr/bin/mongrel_rails:19:in `load'
	from /usr/bin/mongrel_rails:19
** Daemonized, any open files are closed.  Look at log/mongrel.pid and log/mongrel.log for info.
** Starting Mongrel listening at 0.0.0.0:8000
** Starting Rails with production environment...
/media/systerm/Sites/rails_space/app/models/spec.rb:10: uninitialized constant Spec::DataTime (NameError)
	from /usr/lib/ruby/gems/1.8/gems/railties-3.0.4/lib/rails/engine.rb:138:in `eager_load!'
	from /usr/lib/ruby/gems/1.8/gems/railties-3.0.4/lib/rails/engine.rb:137:in `each'
	from /usr/lib/ruby/gems/1.8/gems/railties-3.0.4/lib/rails/engine.rb:137:in `eager_load!'
	from /usr/lib/ruby/gems/1.8/gems/railties-3.0.4/lib/rails/engine.rb:135:in `each'
	from /usr/lib/ruby/gems/1.8/gems/railties-3.0.4/lib/rails/engine.rb:135:in `eager_load!'
	from /usr/lib/ruby/gems/1.8/gems/railties-3.0.4/lib/rails/application.rb:108:in `eager_load!'
	from /usr/lib/ruby/gems/1.8/gems/railties-3.0.4/lib/rails/application/finisher.rb:41
	from /usr/lib/ruby/gems/1.8/gems/railties-3.0.4/lib/rails/initializable.rb:25:in `instance_exec'
	from /usr/lib/ruby/gems/1.8/gems/railties-3.0.4/lib/rails/initializable.rb:25:in `run'
	from /usr/lib/ruby/gems/1.8/gems/railties-3.0.4/lib/rails/initializable.rb:50:in `run_initializers'
	from /usr/lib/ruby/gems/1.8/gems/railties-3.0.4/lib/rails/initializable.rb:49:in `each'
	from /usr/lib/ruby/gems/1.8/gems/railties-3.0.4/lib/rails/initializable.rb:49:in `run_initializers'
	from /usr/lib/ruby/gems/1.8/gems/railties-3.0.4/lib/rails/application.rb:134:in `initialize!'
	from /usr/lib/ruby/gems/1.8/gems/railties-3.0.4/lib/rails/application.rb:77:in `send'
	from /usr/lib/ruby/gems/1.8/gems/railties-3.0.4/lib/rails/application.rb:77:in `method_missing'
	from /media/systerm/Sites/rails_space/config/environment.rb:7
	from /usr/local/lib/site_ruby/1.8/rubygems/custom_require.rb:36:in `gem_original_require'
	from /usr/local/lib/site_ruby/1.8/rubygems/custom_require.rb:36:in `require'
	from /usr/lib/ruby/gems/1.8/gems/mongrel-1.1.5/bin/../lib/mongrel/rails.rb:147:in `rails'
	from /usr/lib/ruby/gems/1.8/gems/mongrel-1.1.5/bin/mongrel_rails:113:in `cloaker_'
	from /usr/lib/ruby/gems/1.8/gems/mongrel-1.1.5/bin/../lib/mongrel/configurator.rb:149:in `call'
	from /usr/lib/ruby/gems/1.8/gems/mongrel-1.1.5/bin/../lib/mongrel/configurator.rb:149:in `listener'
	from /usr/lib/ruby/gems/1.8/gems/mongrel-1.1.5/bin/mongrel_rails:99:in `cloaker_'
	from /usr/lib/ruby/gems/1.8/gems/mongrel-1.1.5/bin/../lib/mongrel/configurator.rb:50:in `call'
	from /usr/lib/ruby/gems/1.8/gems/mongrel-1.1.5/bin/../lib/mongrel/configurator.rb:50:in `initialize'
	from /usr/lib/ruby/gems/1.8/gems/mongrel-1.1.5/bin/mongrel_rails:84:in `new'
	from /usr/lib/ruby/gems/1.8/gems/mongrel-1.1.5/bin/mongrel_rails:84:in `run'
	from /usr/lib/ruby/gems/1.8/gems/mongrel-1.1.5/bin/../lib/mongrel/command.rb:212:in `run'
	from /usr/lib/ruby/gems/1.8/gems/mongrel-1.1.5/bin/mongrel_rails:281
	from /usr/bin/mongrel_rails:19:in `load'
	from /usr/bin/mongrel_rails:19
